[ 2014-12-01T20:51:02+08:00 ] 127.0.0.1 /shiyan4/
INFO: [ app_begin ] --START--
INFO: ReadHtmlCache Behavior ::run [ RunTime:0.007936s ]
INFO: [ app_begin ] --END-- [ RunTime:0.008339s ]
INFO: [ view_parse ] --START--
INFO: ParseTemplate Behavior ::run [ RunTime:0.071872s ]
INFO: [ view_parse ] --END-- [ RunTime:0.072238s ]
INFO: [ view_filter ] --START--
NOTIC: [8] Use of undefined constant APP_TMPL_PATH - assumed 'APP_TMPL_PATH' E:\PHP\Install\AppServ\www\shiyan4\ThinkPHP\Lib\Behavior\ContentReplaceBehavior.class.php 第 40 行.
NOTIC: [8] Use of undefined constant APP_TMPL_PATH - assumed 'APP_TMPL_PATH' E:\PHP\Install\AppServ\www\shiyan4\ThinkPHP\Lib\Behavior\ContentReplaceBehavior.class.php 第 47 行.
INFO: ContentReplace Behavior ::run [ RunTime:0.005774s ]
INFO: TokenBuild Behavior ::run [ RunTime:0.005403s ]
INFO: WriteHtmlCache Behavior ::run [ RunTime:0.005813s ]
INFO: ShowRuntime Behavior ::run [ RunTime:0.007829s ]
INFO: [ view_filter ] --END-- [ RunTime:0.025632s ]
INFO: [ view_end ] --START--
INFO: ShowPageTrace Behavior ::run [ RunTime:0.008111s ]
INFO: [ view_end ] --END-- [ RunTime:0.008451s ]

[ 2014-12-01T23:35:18+08:00 ] 127.0.0.1 /shiyan4/
INFO: [ app_begin ] --START--
INFO: ReadHtmlCache Behavior ::run [ RunTime:0.011190s ]
INFO: [ app_begin ] --END-- [ RunTime:0.011517s ]
ERR: Unknown database 'task'

[ 2014-12-01T23:36:16+08:00 ] 127.0.0.1 /shiyan4/
INFO: [ app_begin ] --START--
INFO: ReadHtmlCache Behavior ::run [ RunTime:0.003021s ]
INFO: [ app_begin ] --END-- [ RunTime:0.003260s ]
SQL: SELECT w.id, w.name, d.name, c.name FROM test_worker AS w, test_department AS d, test_com AS c
								WHERE w.com_id = c.id AND w.depart_id = d.id [ RunTime:0.006240s ]
SQL: SHOW COLUMNS FROM `test_method` [ RunTime:0.009691s ]
ERR: 1146:Table 'task2.test_method' doesn't exist
 [ SQL语句 ] : SHOW COLUMNS FROM `test_method`
SQL: SELECT * FROM `test_method`  [ RunTime:0.000770s ]
ERR: 1146:Table 'task2.test_method' doesn't exist
 [ SQL语句 ] : SELECT * FROM `test_method` 
ERR: 模板不存在[./Home/Tpl/Index/index.html]

[ 2014-12-01T23:36:52+08:00 ] 127.0.0.1 /shiyan4/
INFO: [ app_begin ] --START--
INFO: ReadHtmlCache Behavior ::run [ RunTime:0.004529s ]
INFO: [ app_begin ] --END-- [ RunTime:0.004774s ]
SQL: SELECT w.id, w.name, d.name, c.name FROM test_worker AS w, test_department AS d, test_com AS c
								WHERE w.com_id = c.id AND w.depart_id = d.id [ RunTime:0.000830s ]
SQL: SHOW COLUMNS FROM `test_method` [ RunTime:0.009463s ]
ERR: 1146:Table 'task2.test_method' doesn't exist
 [ SQL语句 ] : SHOW COLUMNS FROM `test_method`
SQL: SELECT * FROM `test_method`  [ RunTime:0.001431s ]
ERR: 1146:Table 'task2.test_method' doesn't exist
 [ SQL语句 ] : SELECT * FROM `test_method` 
INFO: [ view_filter ] --START--
INFO: ContentReplace Behavior ::run [ RunTime:0.022317s ]
INFO: TokenBuild Behavior ::run [ RunTime:0.002948s ]
INFO: WriteHtmlCache Behavior ::run [ RunTime:0.003890s ]
INFO: ShowRuntime Behavior ::run [ RunTime:0.003082s ]
INFO: [ view_filter ] --END-- [ RunTime:0.032798s ]
INFO: [ view_end ] --START--
INFO: ShowPageTrace Behavior ::run [ RunTime:0.004894s ]
INFO: [ view_end ] --END-- [ RunTime:0.005083s ]

[ 2014-12-01T23:41:42+08:00 ] 127.0.0.1 /shiyan4/
INFO: [ app_begin ] --START--
INFO: ReadHtmlCache Behavior ::run [ RunTime:0.003454s ]
INFO: [ app_begin ] --END-- [ RunTime:0.003733s ]
SQL: SELECT w.id, w.name, d.name, c.name FROM test_worker AS w, test_department AS d, test_com AS c
								WHERE w.com_id = c.id AND w.depart_id = d.id [ RunTime:0.001312s ]
SQL: SHOW COLUMNS FROM `test_method` [ RunTime:0.010485s ]
ERR: 1146:Table 'task2.test_method' doesn't exist
 [ SQL语句 ] : SHOW COLUMNS FROM `test_method`
SQL: SELECT * FROM `test_method`  [ RunTime:0.001078s ]
ERR: 1146:Table 'task2.test_method' doesn't exist
 [ SQL语句 ] : SELECT * FROM `test_method` 
INFO: [ view_filter ] --START--
INFO: ContentReplace Behavior ::run [ RunTime:0.002860s ]
INFO: TokenBuild Behavior ::run [ RunTime:0.003014s ]
INFO: WriteHtmlCache Behavior ::run [ RunTime:0.002592s ]
INFO: ShowRuntime Behavior ::run [ RunTime:0.003166s ]
INFO: [ view_filter ] --END-- [ RunTime:0.012296s ]
INFO: [ view_end ] --START--
INFO: ShowPageTrace Behavior ::run [ RunTime:0.003614s ]
INFO: [ view_end ] --END-- [ RunTime:0.003830s ]

[ 2014-12-01T23:42:50+08:00 ] 127.0.0.1 /shiyan4/
INFO: [ app_begin ] --START--
INFO: ReadHtmlCache Behavior ::run [ RunTime:0.003419s ]
INFO: [ app_begin ] --END-- [ RunTime:0.003686s ]
SQL: SELECT w.id, w.name, d.name, c.name FROM test_worker AS w, test_department AS d, test_com AS c
								WHERE w.com_id = c.id AND w.depart_id = d.id [ RunTime:0.001395s ]
SQL: SHOW COLUMNS FROM `test_method` [ RunTime:0.009511s ]
ERR: 1146:Table 'task2.test_method' doesn't exist
 [ SQL语句 ] : SHOW COLUMNS FROM `test_method`
SQL: SELECT * FROM `test_method`  [ RunTime:0.000814s ]
ERR: 1146:Table 'task2.test_method' doesn't exist
 [ SQL语句 ] : SELECT * FROM `test_method` 
INFO: [ view_filter ] --START--
INFO: ContentReplace Behavior ::run [ RunTime:0.004052s ]
INFO: TokenBuild Behavior ::run [ RunTime:0.003732s ]
INFO: WriteHtmlCache Behavior ::run [ RunTime:0.002330s ]
INFO: ShowRuntime Behavior ::run [ RunTime:0.002771s ]
INFO: [ view_filter ] --END-- [ RunTime:0.013576s ]
INFO: [ view_end ] --START--
INFO: ShowPageTrace Behavior ::run [ RunTime:0.003186s ]
INFO: [ view_end ] --END-- [ RunTime:0.003377s ]

[ 2014-12-01T23:43:48+08:00 ] 127.0.0.1 /shiyan4/
INFO: [ app_begin ] --START--
INFO: ReadHtmlCache Behavior ::run [ RunTime:0.005451s ]
INFO: [ app_begin ] --END-- [ RunTime:0.005713s ]
SQL: SELECT w.id, w.name, d.name, c.name FROM test_worker AS w, test_department AS d, test_com AS c
								WHERE w.com_id = c.id AND w.depart_id = d.id [ RunTime:0.000955s ]
SQL: SHOW COLUMNS FROM `test_method` [ RunTime:0.008092s ]
ERR: 1146:Table 'task2.test_method' doesn't exist
 [ SQL语句 ] : SHOW COLUMNS FROM `test_method`
SQL: SELECT * FROM `test_method`  [ RunTime:0.000613s ]
ERR: 1146:Table 'task2.test_method' doesn't exist
 [ SQL语句 ] : SELECT * FROM `test_method` 

[ 2014-12-01T23:44:35+08:00 ] 127.0.0.1 /shiyan4/
INFO: [ app_begin ] --START--
INFO: ReadHtmlCache Behavior ::run [ RunTime:0.002705s ]
INFO: [ app_begin ] --END-- [ RunTime:0.002927s ]
SQL: SELECT w.id, w.name, d.name, c.name FROM test_worker AS w, test_department AS d, test_com AS c
								WHERE w.com_id = c.id AND w.depart_id = d.id [ RunTime:0.000842s ]
SQL: SHOW COLUMNS FROM `test_method` [ RunTime:0.008307s ]
ERR: 1146:Table 'task2.test_method' doesn't exist
 [ SQL语句 ] : SHOW COLUMNS FROM `test_method`
SQL: SELECT * FROM `test_method`  [ RunTime:0.000693s ]
ERR: 1146:Table 'task2.test_method' doesn't exist
 [ SQL语句 ] : SELECT * FROM `test_method` 

[ 2014-12-01T23:44:38+08:00 ] 127.0.0.1 /shiyan4/
INFO: [ app_begin ] --START--
INFO: ReadHtmlCache Behavior ::run [ RunTime:0.001709s ]
INFO: [ app_begin ] --END-- [ RunTime:0.001978s ]
SQL: SELECT w.id, w.name, d.name, c.name FROM test_worker AS w, test_department AS d, test_com AS c
								WHERE w.com_id = c.id AND w.depart_id = d.id [ RunTime:0.001022s ]
SQL: SHOW COLUMNS FROM `test_method` [ RunTime:0.009665s ]
ERR: 1146:Table 'task2.test_method' doesn't exist
 [ SQL语句 ] : SHOW COLUMNS FROM `test_method`
SQL: SELECT * FROM `test_method`  [ RunTime:0.000743s ]
ERR: 1146:Table 'task2.test_method' doesn't exist
 [ SQL语句 ] : SELECT * FROM `test_method` 

[ 2014-12-01T23:49:30+08:00 ] 127.0.0.1 /shiyan4/
INFO: [ app_begin ] --START--
INFO: ReadHtmlCache Behavior ::run [ RunTime:0.003636s ]
INFO: [ app_begin ] --END-- [ RunTime:0.003845s ]
SQL: SELECT w.id, w.name, d.name, c.name FROM test_worker AS w, test_department AS d, test_com AS c
								WHERE w.com_id = c.id AND w.depart_id = d.id [ RunTime:0.000784s ]
SQL: SHOW COLUMNS FROM `test_method` [ RunTime:0.005789s ]
SQL: SELECT * FROM `test_method`  [ RunTime:0.007074s ]

[ 2014-12-01T23:50:04+08:00 ] 127.0.0.1 /shiyan4/
INFO: [ app_begin ] --START--
INFO: ReadHtmlCache Behavior ::run [ RunTime:0.005132s ]
INFO: [ app_begin ] --END-- [ RunTime:0.005411s ]
SQL: SELECT w.id, w.name, d.name, c.name FROM test_worker AS w, test_department AS d, test_com AS c
								WHERE w.com_id = c.id AND w.depart_id = d.id [ RunTime:0.001446s ]
SQL: SHOW COLUMNS FROM `test_method` [ RunTime:0.007408s ]
SQL: SELECT * FROM `test_method`  [ RunTime:0.002738s ]

[ 2014-12-01T23:50:19+08:00 ] 127.0.0.1 /shiyan4/
INFO: [ app_begin ] --START--
INFO: ReadHtmlCache Behavior ::run [ RunTime:0.004495s ]
INFO: [ app_begin ] --END-- [ RunTime:0.004738s ]

[ 2014-12-01T23:50:49+08:00 ] 127.0.0.1 /shiyan4/
INFO: [ app_begin ] --START--
INFO: ReadHtmlCache Behavior ::run [ RunTime:0.004584s ]
INFO: [ app_begin ] --END-- [ RunTime:0.004829s ]
SQL: SELECT w.id, w.name, d.name, c.name FROM test_worker AS w, test_department AS d, test_com AS c
								WHERE w.com_id = c.id AND w.depart_id = d.id [ RunTime:0.001873s ]
SQL: SHOW COLUMNS FROM `test_method` [ RunTime:0.023241s ]
SQL: SELECT * FROM `test_method`  [ RunTime:0.000601s ]

[ 2014-12-01T23:52:41+08:00 ] 127.0.0.1 /shiyan4/
INFO: [ app_begin ] --START--
INFO: ReadHtmlCache Behavior ::run [ RunTime:0.005251s ]
INFO: [ app_begin ] --END-- [ RunTime:0.005545s ]
SQL: SELECT w.id, w.name, d.name, c.name FROM test_worker AS w, test_department AS d, test_com AS c
								WHERE w.com_id = c.id AND w.depart_id = d.id [ RunTime:0.001129s ]
SQL: SHOW COLUMNS FROM `test_method` [ RunTime:0.012957s ]
SQL: SELECT * FROM `test_method`  [ RunTime:0.002669s ]

[ 2014-12-01T23:53:33+08:00 ] 127.0.0.1 /shiyan4/
INFO: [ app_begin ] --START--
INFO: ReadHtmlCache Behavior ::run [ RunTime:0.005103s ]
INFO: [ app_begin ] --END-- [ RunTime:0.005343s ]
SQL: SELECT w.id, w.name, d.name, c.name FROM test_worker AS w, test_department AS d, test_com AS c
								WHERE w.com_id = c.id AND w.depart_id = d.id [ RunTime:0.000861s ]
SQL: SHOW COLUMNS FROM `test_method` [ RunTime:0.006175s ]
SQL: SELECT * FROM `test_method`  [ RunTime:0.003464s ]

[ 2014-12-01T23:56:48+08:00 ] 127.0.0.1 /shiyan4/
INFO: [ app_begin ] --START--
INFO: ReadHtmlCache Behavior ::run [ RunTime:0.004228s ]
INFO: [ app_begin ] --END-- [ RunTime:0.004455s ]
SQL: SELECT w.id, w.name, d.p_name, c.c_name FROM test_worker AS w, test_department AS d, test_com AS c
								WHERE w.com_id = c.id AND w.depart_id = d.id [ RunTime:0.002718s ]
SQL: SHOW COLUMNS FROM `test_method` [ RunTime:0.024935s ]
SQL: SELECT * FROM `test_method`  [ RunTime:0.001954s ]

[ 2014-12-01T23:59:05+08:00 ] 127.0.0.1 /shiyan4/
INFO: [ app_begin ] --START--
INFO: ReadHtmlCache Behavior ::run [ RunTime:0.004013s ]
INFO: [ app_begin ] --END-- [ RunTime:0.004236s ]
SQL: SELECT w.id, w.name, d.p_name, c.c_name FROM test_worker AS w, test_department AS d, test_com AS c
								WHERE w.com_id = c.id AND w.depart_id = d.id [ RunTime:0.001151s ]
SQL: SHOW COLUMNS FROM `test_method` [ RunTime:0.007787s ]
SQL: SELECT * FROM `test_method`  [ RunTime:0.003201s ]
INFO: [ view_filter ] --START--
INFO: ContentReplace Behavior ::run [ RunTime:0.003577s ]
INFO: TokenBuild Behavior ::run [ RunTime:0.002272s ]
INFO: WriteHtmlCache Behavior ::run [ RunTime:0.003339s ]
INFO: ShowRuntime Behavior ::run [ RunTime:0.002490s ]
INFO: [ view_filter ] --END-- [ RunTime:0.012243s ]
INFO: [ view_end ] --START--
INFO: ShowPageTrace Behavior ::run [ RunTime:0.004162s ]
INFO: [ view_end ] --END-- [ RunTime:0.004341s ]

[ 2014-12-01T23:59:29+08:00 ] 127.0.0.1 /shiyan4/
INFO: [ app_begin ] --START--
INFO: ReadHtmlCache Behavior ::run [ RunTime:0.004528s ]
INFO: [ app_begin ] --END-- [ RunTime:0.004772s ]
SQL: SELECT w.id, w.name, d.p_name, c.c_name FROM test_worker AS w, test_department AS d, test_com AS c
								WHERE w.com_id = c.id AND w.depart_id = d.id [ RunTime:0.000953s ]
SQL: SHOW COLUMNS FROM `test_method` [ RunTime:0.007498s ]
SQL: SELECT * FROM `test_method`  [ RunTime:0.002632s ]
INFO: [ view_parse ] --START--
INFO: ParseTemplate Behavior ::run [ RunTime:0.209807s ]
INFO: [ view_parse ] --END-- [ RunTime:0.210087s ]
INFO: [ view_filter ] --START--
INFO: ContentReplace Behavior ::run [ RunTime:0.003550s ]
INFO: TokenBuild Behavior ::run [ RunTime:0.001590s ]
INFO: WriteHtmlCache Behavior ::run [ RunTime:0.003340s ]
INFO: ShowRuntime Behavior ::run [ RunTime:0.001799s ]
INFO: [ view_filter ] --END-- [ RunTime:0.010739s ]
INFO: [ view_end ] --START--
INFO: ShowPageTrace Behavior ::run [ RunTime:0.004193s ]
INFO: [ view_end ] --END-- [ RunTime:0.004385s ]

[ 2014-12-01T23:59:52+08:00 ] 127.0.0.1 /shiyan4/
INFO: [ app_begin ] --START--
INFO: ReadHtmlCache Behavior ::run [ RunTime:0.011993s ]
INFO: [ app_begin ] --END-- [ RunTime:0.012246s ]
SQL: SELECT w.id, w.name, d.p_name, c.c_name FROM test_worker AS w, test_department AS d, test_com AS c
								WHERE w.com_id = c.id AND w.depart_id = d.id [ RunTime:0.001457s ]
SQL: SHOW COLUMNS FROM `test_method` [ RunTime:0.005955s ]
SQL: SELECT * FROM `test_method`  [ RunTime:0.003376s ]
INFO: [ view_filter ] --START--
INFO: ContentReplace Behavior ::run [ RunTime:0.004403s ]
INFO: TokenBuild Behavior ::run [ RunTime:0.001602s ]
INFO: WriteHtmlCache Behavior ::run [ RunTime:0.004063s ]
INFO: ShowRuntime Behavior ::run [ RunTime:0.001801s ]
INFO: [ view_filter ] --END-- [ RunTime:0.012385s ]
INFO: [ view_end ] --START--
INFO: ShowPageTrace Behavior ::run [ RunTime:0.004119s ]
INFO: [ view_end ] --END-- [ RunTime:0.004290s ]

