[ 2014-12-02T00:00:08+08:00 ] 127.0.0.1 /shiyan4/
INFO: [ app_begin ] --START--
INFO: ReadHtmlCache Behavior ::run [ RunTime:0.004059s ]
INFO: [ app_begin ] --END-- [ RunTime:0.004282s ]
SQL: SELECT w.id, w.name, d.p_name, c.c_name FROM test_worker AS w, test_department AS d, test_com AS c
								WHERE w.com_id = c.id AND w.depart_id = d.id [ RunTime:0.000861s ]
SQL: SHOW COLUMNS FROM `test_method` [ RunTime:0.007118s ]
SQL: SELECT * FROM `test_method`  [ RunTime:0.002802s ]
INFO: [ view_filter ] --START--
INFO: ContentReplace Behavior ::run [ RunTime:0.003883s ]
INFO: TokenBuild Behavior ::run [ RunTime:0.001656s ]
INFO: WriteHtmlCache Behavior ::run [ RunTime:0.003356s ]
INFO: ShowRuntime Behavior ::run [ RunTime:0.001807s ]
INFO: [ view_filter ] --END-- [ RunTime:0.011217s ]
INFO: [ view_end ] --START--
INFO: ShowPageTrace Behavior ::run [ RunTime:0.004148s ]
INFO: [ view_end ] --END-- [ RunTime:0.004318s ]

[ 2014-12-02T00:00:16+08:00 ] 127.0.0.1 /shiyan4/
INFO: [ app_begin ] --START--
INFO: ReadHtmlCache Behavior ::run [ RunTime:0.005239s ]
INFO: [ app_begin ] --END-- [ RunTime:0.005529s ]
SQL: SELECT w.id, w.name, d.p_name, c.c_name FROM test_worker AS w, test_department AS d, test_com AS c
								WHERE w.com_id = c.id AND w.depart_id = d.id [ RunTime:0.001423s ]
SQL: SHOW COLUMNS FROM `test_method` [ RunTime:0.014789s ]
SQL: SELECT * FROM `test_method`  [ RunTime:0.001143s ]
INFO: [ view_parse ] --START--
INFO: ParseTemplate Behavior ::run [ RunTime:0.048249s ]
INFO: [ view_parse ] --END-- [ RunTime:0.048637s ]
INFO: [ view_filter ] --START--
INFO: ContentReplace Behavior ::run [ RunTime:0.006336s ]
INFO: TokenBuild Behavior ::run [ RunTime:0.002045s ]
INFO: WriteHtmlCache Behavior ::run [ RunTime:0.004249s ]
INFO: ShowRuntime Behavior ::run [ RunTime:0.002297s ]
INFO: [ view_filter ] --END-- [ RunTime:0.015605s ]
INFO: [ view_end ] --START--
INFO: ShowPageTrace Behavior ::run [ RunTime:0.008231s ]
INFO: [ view_end ] --END-- [ RunTime:0.008585s ]

[ 2014-12-02T00:02:03+08:00 ] 127.0.0.1 /shiyan4/
INFO: [ app_begin ] --START--
INFO: ReadHtmlCache Behavior ::run [ RunTime:0.005187s ]
INFO: [ app_begin ] --END-- [ RunTime:0.005471s ]
SQL: SELECT w.id, w.name, d.p_name, c.c_name FROM test_worker AS w, test_department AS d, test_com AS c
								WHERE w.com_id = c.id AND w.depart_id = d.id [ RunTime:0.001256s ]
SQL: SHOW COLUMNS FROM `test_method` [ RunTime:0.007280s ]
SQL: SELECT * FROM `test_method`  [ RunTime:0.002751s ]
INFO: [ view_parse ] --START--
INFO: ParseTemplate Behavior ::run [ RunTime:0.043965s ]
INFO: [ view_parse ] --END-- [ RunTime:0.044332s ]
INFO: [ view_filter ] --START--
INFO: ContentReplace Behavior ::run [ RunTime:0.004485s ]
INFO: TokenBuild Behavior ::run [ RunTime:0.002962s ]
INFO: WriteHtmlCache Behavior ::run [ RunTime:0.004258s ]
INFO: ShowRuntime Behavior ::run [ RunTime:0.003155s ]
INFO: [ view_filter ] --END-- [ RunTime:0.015469s ]
INFO: [ view_end ] --START--
INFO: ShowPageTrace Behavior ::run [ RunTime:0.005335s ]
INFO: [ view_end ] --END-- [ RunTime:0.005560s ]

[ 2014-12-02T07:35:40+08:00 ] 127.0.0.1 /shiyan4/
INFO: [ app_begin ] --START--
INFO: ReadHtmlCache Behavior ::run [ RunTime:0.087803s ]
INFO: [ app_begin ] --END-- [ RunTime:0.088169s ]
SQL: SELECT w.id, w.name, d.p_name, c.c_name FROM test_worker AS w, test_department AS d, test_com AS c
								WHERE w.com_id = c.id AND w.depart_id = d.id [ RunTime:1.124649s ]
SQL: SHOW COLUMNS FROM `test_method` [ RunTime:0.222065s ]
SQL: SELECT * FROM `test_method`  [ RunTime:0.038637s ]
INFO: [ view_parse ] --START--
NOTIC: [2] file_get_contents(./Home/Tpl/Public/header.html) [<a href='function.file-get-contents'>function.file-get-contents</a>]: failed to open stream: No such file or directory E:\PHP\Install\AppServ\www\shiyan4\ThinkPHP\Lib\Template\ThinkTemplate.class.php 第 695 行.
NOTIC: [2] file_get_contents(./Home/Tpl/Public/announce.html) [<a href='function.file-get-contents'>function.file-get-contents</a>]: failed to open stream: No such file or directory E:\PHP\Install\AppServ\www\shiyan4\ThinkPHP\Lib\Template\ThinkTemplate.class.php 第 695 行.
NOTIC: [2] file_get_contents(./Home/Tpl/Public/footer.html) [<a href='function.file-get-contents'>function.file-get-contents</a>]: failed to open stream: No such file or directory E:\PHP\Install\AppServ\www\shiyan4\ThinkPHP\Lib\Template\ThinkTemplate.class.php 第 695 行.
NOTIC: [8] Undefined variable: title E:\PHP\Install\AppServ\www\shiyan4\Home\Runtime\Cache\7e4848229090366086cc7eeb3bfc0798.php 第 6 行.
NOTIC: [8] Undefined variable: searchurl E:\PHP\Install\AppServ\www\shiyan4\Home\Runtime\Cache\7e4848229090366086cc7eeb3bfc0798.php 第 28 行.
NOTIC: [8] Undefined variable: datatable E:\PHP\Install\AppServ\www\shiyan4\Home\Runtime\Cache\7e4848229090366086cc7eeb3bfc0798.php 第 33 行.
NOTIC: [8] Undefined variable: datatable E:\PHP\Install\AppServ\www\shiyan4\Home\Runtime\Cache\7e4848229090366086cc7eeb3bfc0798.php 第 33 行.
NOTIC: [8] Undefined variable: modelid E:\PHP\Install\AppServ\www\shiyan4\Home\Runtime\Cache\7e4848229090366086cc7eeb3bfc0798.php 第 33 行.
NOTIC: [8] Undefined variable: datatable E:\PHP\Install\AppServ\www\shiyan4\Home\Runtime\Cache\7e4848229090366086cc7eeb3bfc0798.php 第 33 行.
NOTIC: [8] Undefined variable: keyword E:\PHP\Install\AppServ\www\shiyan4\Home\Runtime\Cache\7e4848229090366086cc7eeb3bfc0798.php 第 49 行.
NOTIC: [8] Undefined variable: page E:\PHP\Install\AppServ\www\shiyan4\Home\Runtime\Cache\7e4848229090366086cc7eeb3bfc0798.php 第 59 行.
INFO: ParseTemplate Behavior ::run [ RunTime:0.732706s ]
INFO: [ view_parse ] --END-- [ RunTime:0.732951s ]
INFO: [ view_filter ] --START--
INFO: ContentReplace Behavior ::run [ RunTime:0.052958s ]
INFO: TokenBuild Behavior ::run [ RunTime:0.077659s ]
INFO: WriteHtmlCache Behavior ::run [ RunTime:0.014453s ]
INFO: ShowRuntime Behavior ::run [ RunTime:0.217315s ]
INFO: [ view_filter ] --END-- [ RunTime:0.363078s ]
INFO: [ view_end ] --START--
INFO: ShowPageTrace Behavior ::run [ RunTime:0.091505s ]
INFO: [ view_end ] --END-- [ RunTime:0.091750s ]

[ 2014-12-02T07:47:41+08:00 ] 127.0.0.1 /shiyan4/
INFO: [ app_begin ] --START--
INFO: ReadHtmlCache Behavior ::run [ RunTime:0.003500s ]
INFO: [ app_begin ] --END-- [ RunTime:0.003748s ]
SQL: SELECT w.id, w.name, d.p_name, c.c_name FROM test_worker AS w, test_department AS d, test_com AS c
								WHERE w.com_id = c.id AND w.depart_id = d.id [ RunTime:0.000931s ]
SQL: SHOW COLUMNS FROM `test_method` [ RunTime:0.008526s ]
SQL: SELECT * FROM `test_method`  [ RunTime:0.001438s ]
INFO: [ view_parse ] --START--
NOTIC: [2] file_get_contents(./Home/Tpl/Public/header.html) [<a href='function.file-get-contents'>function.file-get-contents</a>]: failed to open stream: No such file or directory E:\PHP\Install\AppServ\www\shiyan4\ThinkPHP\Lib\Template\ThinkTemplate.class.php 第 695 行.
NOTIC: [2] file_get_contents(./Home/Tpl/Public/announce.html) [<a href='function.file-get-contents'>function.file-get-contents</a>]: failed to open stream: No such file or directory E:\PHP\Install\AppServ\www\shiyan4\ThinkPHP\Lib\Template\ThinkTemplate.class.php 第 695 行.
NOTIC: [2] file_get_contents(./Home/Tpl/Public/footer.html) [<a href='function.file-get-contents'>function.file-get-contents</a>]: failed to open stream: No such file or directory E:\PHP\Install\AppServ\www\shiyan4\ThinkPHP\Lib\Template\ThinkTemplate.class.php 第 695 行.
NOTIC: [8] Undefined variable: title E:\PHP\Install\AppServ\www\shiyan4\Home\Runtime\Cache\7e4848229090366086cc7eeb3bfc0798.php 第 6 行.
NOTIC: [8] Undefined variable: searchurl E:\PHP\Install\AppServ\www\shiyan4\Home\Runtime\Cache\7e4848229090366086cc7eeb3bfc0798.php 第 28 行.
NOTIC: [8] Undefined index:  p_name E:\PHP\Install\AppServ\www\shiyan4\Home\Runtime\Cache\7e4848229090366086cc7eeb3bfc0798.php 第 32 行.
NOTIC: [8] Undefined index:  p_name E:\PHP\Install\AppServ\www\shiyan4\Home\Runtime\Cache\7e4848229090366086cc7eeb3bfc0798.php 第 32 行.
NOTIC: [8] Undefined index:  p_name E:\PHP\Install\AppServ\www\shiyan4\Home\Runtime\Cache\7e4848229090366086cc7eeb3bfc0798.php 第 32 行.
NOTIC: [8] Undefined index:  c_com E:\PHP\Install\AppServ\www\shiyan4\Home\Runtime\Cache\7e4848229090366086cc7eeb3bfc0798.php 第 51 行.
NOTIC: [8] Undefined index:  c_com E:\PHP\Install\AppServ\www\shiyan4\Home\Runtime\Cache\7e4848229090366086cc7eeb3bfc0798.php 第 51 行.
NOTIC: [8] Undefined index:  c_com E:\PHP\Install\AppServ\www\shiyan4\Home\Runtime\Cache\7e4848229090366086cc7eeb3bfc0798.php 第 51 行.
NOTIC: [8] Undefined index:  c_com E:\PHP\Install\AppServ\www\shiyan4\Home\Runtime\Cache\7e4848229090366086cc7eeb3bfc0798.php 第 51 行.
NOTIC: [8] Undefined variable: page E:\PHP\Install\AppServ\www\shiyan4\Home\Runtime\Cache\7e4848229090366086cc7eeb3bfc0798.php 第 56 行.
INFO: ParseTemplate Behavior ::run [ RunTime:0.044108s ]
INFO: [ view_parse ] --END-- [ RunTime:0.044356s ]
INFO: [ view_filter ] --START--
INFO: ContentReplace Behavior ::run [ RunTime:0.003182s ]
INFO: TokenBuild Behavior ::run [ RunTime:0.002912s ]
INFO: WriteHtmlCache Behavior ::run [ RunTime:0.002609s ]
INFO: ShowRuntime Behavior ::run [ RunTime:0.003119s ]
INFO: [ view_filter ] --END-- [ RunTime:0.012369s ]
INFO: [ view_end ] --START--
INFO: ShowPageTrace Behavior ::run [ RunTime:0.004833s ]
INFO: [ view_end ] --END-- [ RunTime:0.005040s ]

[ 2014-12-02T07:50:36+08:00 ] 127.0.0.1 /shiyan4/
INFO: [ app_begin ] --START--
INFO: ReadHtmlCache Behavior ::run [ RunTime:0.009039s ]
INFO: [ app_begin ] --END-- [ RunTime:0.009375s ]
SQL: SELECT w.id, w.name, d.p_name, c.c_name FROM test_worker AS w, test_department AS d, test_com AS c
								WHERE w.com_id = c.id AND w.depart_id = d.id [ RunTime:0.000831s ]
SQL: SHOW COLUMNS FROM `test_method` [ RunTime:0.007714s ]
SQL: SELECT * FROM `test_method`  [ RunTime:0.001768s ]
INFO: [ view_parse ] --START--
NOTIC: [2] file_get_contents(./Home/Tpl/Public/header.html) [<a href='function.file-get-contents'>function.file-get-contents</a>]: failed to open stream: No such file or directory E:\PHP\Install\AppServ\www\shiyan4\ThinkPHP\Lib\Template\ThinkTemplate.class.php 第 695 行.
NOTIC: [2] file_get_contents(./Home/Tpl/Public/announce.html) [<a href='function.file-get-contents'>function.file-get-contents</a>]: failed to open stream: No such file or directory E:\PHP\Install\AppServ\www\shiyan4\ThinkPHP\Lib\Template\ThinkTemplate.class.php 第 695 行.
NOTIC: [2] file_get_contents(./Home/Tpl/Public/footer.html) [<a href='function.file-get-contents'>function.file-get-contents</a>]: failed to open stream: No such file or directory E:\PHP\Install\AppServ\www\shiyan4\ThinkPHP\Lib\Template\ThinkTemplate.class.php 第 695 行.
NOTIC: [8] Undefined variable: title E:\PHP\Install\AppServ\www\shiyan4\Home\Runtime\Cache\7e4848229090366086cc7eeb3bfc0798.php 第 6 行.
NOTIC: [8] Undefined variable: searchurl E:\PHP\Install\AppServ\www\shiyan4\Home\Runtime\Cache\7e4848229090366086cc7eeb3bfc0798.php 第 28 行.
NOTIC: [8] Undefined index:  c_com E:\PHP\Install\AppServ\www\shiyan4\Home\Runtime\Cache\7e4848229090366086cc7eeb3bfc0798.php 第 51 行.
NOTIC: [8] Undefined index:  c_com E:\PHP\Install\AppServ\www\shiyan4\Home\Runtime\Cache\7e4848229090366086cc7eeb3bfc0798.php 第 51 行.
NOTIC: [8] Undefined index:  c_com E:\PHP\Install\AppServ\www\shiyan4\Home\Runtime\Cache\7e4848229090366086cc7eeb3bfc0798.php 第 51 行.
NOTIC: [8] Undefined index:  c_com E:\PHP\Install\AppServ\www\shiyan4\Home\Runtime\Cache\7e4848229090366086cc7eeb3bfc0798.php 第 51 行.
NOTIC: [8] Undefined variable: page E:\PHP\Install\AppServ\www\shiyan4\Home\Runtime\Cache\7e4848229090366086cc7eeb3bfc0798.php 第 56 行.
INFO: ParseTemplate Behavior ::run [ RunTime:0.089792s ]
INFO: [ view_parse ] --END-- [ RunTime:0.090082s ]
INFO: [ view_filter ] --START--
INFO: ContentReplace Behavior ::run [ RunTime:0.004543s ]
INFO: TokenBuild Behavior ::run [ RunTime:0.004438s ]
INFO: WriteHtmlCache Behavior ::run [ RunTime:0.004249s ]
INFO: ShowRuntime Behavior ::run [ RunTime:0.004670s ]
INFO: [ view_filter ] --END-- [ RunTime:0.018434s ]
INFO: [ view_end ] --START--
INFO: ShowPageTrace Behavior ::run [ RunTime:0.005046s ]
INFO: [ view_end ] --END-- [ RunTime:0.005238s ]

[ 2014-12-02T08:08:15+08:00 ] 127.0.0.1 /shiyan4/
INFO: [ app_begin ] --START--
INFO: ReadHtmlCache Behavior ::run [ RunTime:0.006537s ]
INFO: [ app_begin ] --END-- [ RunTime:0.006894s ]
SQL: SELECT w.id, w.name, d.p_name, c.c_name FROM test_worker AS w, test_department AS d, test_com AS c
								WHERE w.com_id = c.id AND w.depart_id = d.id [ RunTime:0.076306s ]
SQL: SHOW COLUMNS FROM `test_method` [ RunTime:0.018723s ]
SQL: SELECT * FROM `test_method`  [ RunTime:0.000763s ]
INFO: [ view_parse ] --START--
NOTIC: [2] file_get_contents(./Home/Tpl/Public/header.html) [<a href='function.file-get-contents'>function.file-get-contents</a>]: failed to open stream: No such file or directory E:\PHP\Install\AppServ\www\shiyan4\ThinkPHP\Lib\Template\ThinkTemplate.class.php 第 695 行.
NOTIC: [2] file_get_contents(./Home/Tpl/Public/announce.html) [<a href='function.file-get-contents'>function.file-get-contents</a>]: failed to open stream: No such file or directory E:\PHP\Install\AppServ\www\shiyan4\ThinkPHP\Lib\Template\ThinkTemplate.class.php 第 695 行.
NOTIC: [2] file_get_contents(./Home/Tpl/Public/footer.html) [<a href='function.file-get-contents'>function.file-get-contents</a>]: failed to open stream: No such file or directory E:\PHP\Install\AppServ\www\shiyan4\ThinkPHP\Lib\Template\ThinkTemplate.class.php 第 695 行.
NOTIC: [8] Undefined variable: title E:\PHP\Install\AppServ\www\shiyan4\Home\Runtime\Cache\7e4848229090366086cc7eeb3bfc0798.php 第 6 行.
NOTIC: [8] Undefined index:  c_com E:\PHP\Install\AppServ\www\shiyan4\Home\Runtime\Cache\7e4848229090366086cc7eeb3bfc0798.php 第 51 行.
NOTIC: [8] Undefined index:  c_com E:\PHP\Install\AppServ\www\shiyan4\Home\Runtime\Cache\7e4848229090366086cc7eeb3bfc0798.php 第 51 行.
NOTIC: [8] Undefined index:  c_com E:\PHP\Install\AppServ\www\shiyan4\Home\Runtime\Cache\7e4848229090366086cc7eeb3bfc0798.php 第 51 行.
NOTIC: [8] Undefined index:  c_com E:\PHP\Install\AppServ\www\shiyan4\Home\Runtime\Cache\7e4848229090366086cc7eeb3bfc0798.php 第 51 行.
NOTIC: [8] Undefined variable: page E:\PHP\Install\AppServ\www\shiyan4\Home\Runtime\Cache\7e4848229090366086cc7eeb3bfc0798.php 第 56 行.
INFO: ParseTemplate Behavior ::run [ RunTime:0.125129s ]
INFO: [ view_parse ] --END-- [ RunTime:0.125487s ]
INFO: [ view_filter ] --START--
INFO: ContentReplace Behavior ::run [ RunTime:0.005455s ]
INFO: TokenBuild Behavior ::run [ RunTime:0.003722s ]
INFO: WriteHtmlCache Behavior ::run [ RunTime:0.006300s ]
INFO: ShowRuntime Behavior ::run [ RunTime:0.005275s ]
INFO: [ view_filter ] --END-- [ RunTime:0.021662s ]
INFO: [ view_end ] --START--
INFO: ShowPageTrace Behavior ::run [ RunTime:0.008833s ]
INFO: [ view_end ] --END-- [ RunTime:0.009161s ]

[ 2014-12-02T08:08:24+08:00 ] 127.0.0.1 /shiyan4/index.php/Search/index.html
INFO: [ route_check ] --START--
INFO: CheckRoute Behavior ::run [ RunTime:0.016622s ]
INFO: [ route_check ] --END-- [ RunTime:0.016942s ]
INFO: [ app_begin ] --START--
INFO: ReadHtmlCache Behavior ::run [ RunTime:0.005214s ]
INFO: [ app_begin ] --END-- [ RunTime:0.005463s ]
ERR: 无法加载模块:Search

[ 2014-12-02T08:10:19+08:00 ] 127.0.0.1 /shiyan4/
INFO: [ app_begin ] --START--
INFO: ReadHtmlCache Behavior ::run [ RunTime:0.004845s ]
INFO: [ app_begin ] --END-- [ RunTime:0.005083s ]
SQL: SELECT w.id, w.name, d.p_name, c.c_name FROM test_worker AS w, test_department AS d, test_com AS c
								WHERE w.com_id = c.id AND w.depart_id = d.id [ RunTime:0.001009s ]
SQL: SHOW COLUMNS FROM `test_method` [ RunTime:0.007184s ]
SQL: SELECT * FROM `test_method`  [ RunTime:0.002962s ]
INFO: [ view_parse ] --START--
NOTIC: [2] file_get_contents(./Home/Tpl/Public/header.html) [<a href='function.file-get-contents'>function.file-get-contents</a>]: failed to open stream: No such file or directory E:\PHP\Install\AppServ\www\shiyan4\ThinkPHP\Lib\Template\ThinkTemplate.class.php 第 695 行.
NOTIC: [2] file_get_contents(./Home/Tpl/Public/announce.html) [<a href='function.file-get-contents'>function.file-get-contents</a>]: failed to open stream: No such file or directory E:\PHP\Install\AppServ\www\shiyan4\ThinkPHP\Lib\Template\ThinkTemplate.class.php 第 695 行.
NOTIC: [2] file_get_contents(./Home/Tpl/Public/footer.html) [<a href='function.file-get-contents'>function.file-get-contents</a>]: failed to open stream: No such file or directory E:\PHP\Install\AppServ\www\shiyan4\ThinkPHP\Lib\Template\ThinkTemplate.class.php 第 695 行.
NOTIC: [8] Undefined variable: title E:\PHP\Install\AppServ\www\shiyan4\Home\Runtime\Cache\7e4848229090366086cc7eeb3bfc0798.php 第 6 行.
NOTIC: [8] Undefined index:  c_com E:\PHP\Install\AppServ\www\shiyan4\Home\Runtime\Cache\7e4848229090366086cc7eeb3bfc0798.php 第 51 行.
NOTIC: [8] Undefined index:  c_com E:\PHP\Install\AppServ\www\shiyan4\Home\Runtime\Cache\7e4848229090366086cc7eeb3bfc0798.php 第 51 行.
NOTIC: [8] Undefined index:  c_com E:\PHP\Install\AppServ\www\shiyan4\Home\Runtime\Cache\7e4848229090366086cc7eeb3bfc0798.php 第 51 行.
NOTIC: [8] Undefined index:  c_com E:\PHP\Install\AppServ\www\shiyan4\Home\Runtime\Cache\7e4848229090366086cc7eeb3bfc0798.php 第 51 行.
NOTIC: [8] Undefined variable: page E:\PHP\Install\AppServ\www\shiyan4\Home\Runtime\Cache\7e4848229090366086cc7eeb3bfc0798.php 第 56 行.
INFO: ParseTemplate Behavior ::run [ RunTime:0.049556s ]
INFO: [ view_parse ] --END-- [ RunTime:0.049819s ]
INFO: [ view_filter ] --START--
INFO: ContentReplace Behavior ::run [ RunTime:0.003634s ]
INFO: TokenBuild Behavior ::run [ RunTime:0.002323s ]
INFO: WriteHtmlCache Behavior ::run [ RunTime:0.005073s ]
INFO: ShowRuntime Behavior ::run [ RunTime:0.002936s ]
INFO: [ view_filter ] --END-- [ RunTime:0.014507s ]
INFO: [ view_end ] --START--
INFO: ShowPageTrace Behavior ::run [ RunTime:0.004159s ]
INFO: [ view_end ] --END-- [ RunTime:0.004332s ]

[ 2014-12-02T08:10:28+08:00 ] 127.0.0.1 /shiyan4/index.php/Search/index.html
INFO: [ route_check ] --START--
INFO: CheckRoute Behavior ::run [ RunTime:0.006391s ]
INFO: [ route_check ] --END-- [ RunTime:0.006697s ]
INFO: [ app_begin ] --START--
INFO: ReadHtmlCache Behavior ::run [ RunTime:0.003522s ]
INFO: [ app_begin ] --END-- [ RunTime:0.003767s ]
ERR: 无法加载模块:Search

[ 2014-12-02T08:11:01+08:00 ] 127.0.0.1 /shiyan4/index.php/Search/index.html
INFO: [ route_check ] --START--
INFO: CheckRoute Behavior ::run [ RunTime:0.004902s ]
INFO: [ route_check ] --END-- [ RunTime:0.005419s ]
INFO: [ app_begin ] --START--
INFO: ReadHtmlCache Behavior ::run [ RunTime:0.003564s ]
INFO: [ app_begin ] --END-- [ RunTime:0.003836s ]
ERR: 无法加载模块:Search

[ 2014-12-02T08:13:14+08:00 ] 127.0.0.1 /shiyan4/index.php/Search/index.html
INFO: [ route_check ] --START--
INFO: CheckRoute Behavior ::run [ RunTime:0.004861s ]
INFO: [ route_check ] --END-- [ RunTime:0.005107s ]
INFO: [ app_begin ] --START--
INFO: ReadHtmlCache Behavior ::run [ RunTime:0.002999s ]
INFO: [ app_begin ] --END-- [ RunTime:0.003226s ]
ERR: 无法加载模块:Search

[ 2014-12-02T08:14:41+08:00 ] 127.0.0.1 /shiyan4/
INFO: [ app_begin ] --START--
INFO: ReadHtmlCache Behavior ::run [ RunTime:0.005238s ]
INFO: [ app_begin ] --END-- [ RunTime:0.005515s ]
SQL: SELECT w.id, w.name, d.p_name, c.c_name FROM test_worker AS w, test_department AS d, test_com AS c
								WHERE w.com_id = c.id AND w.depart_id = d.id [ RunTime:0.001744s ]
SQL: SHOW COLUMNS FROM `test_method` [ RunTime:0.016560s ]
SQL: SELECT * FROM `test_method`  [ RunTime:0.001275s ]
INFO: [ view_parse ] --START--
NOTIC: [2] file_get_contents(./Home/Tpl/Public/header.html) [<a href='function.file-get-contents'>function.file-get-contents</a>]: failed to open stream: No such file or directory E:\PHP\Install\AppServ\www\shiyan4\ThinkPHP\Lib\Template\ThinkTemplate.class.php 第 695 行.
NOTIC: [2] file_get_contents(./Home/Tpl/Public/announce.html) [<a href='function.file-get-contents'>function.file-get-contents</a>]: failed to open stream: No such file or directory E:\PHP\Install\AppServ\www\shiyan4\ThinkPHP\Lib\Template\ThinkTemplate.class.php 第 695 行.
NOTIC: [2] file_get_contents(./Home/Tpl/Public/footer.html) [<a href='function.file-get-contents'>function.file-get-contents</a>]: failed to open stream: No such file or directory E:\PHP\Install\AppServ\www\shiyan4\ThinkPHP\Lib\Template\ThinkTemplate.class.php 第 695 行.
NOTIC: [8] Undefined variable: title E:\PHP\Install\AppServ\www\shiyan4\Home\Runtime\Cache\7e4848229090366086cc7eeb3bfc0798.php 第 6 行.
NOTIC: [8] Undefined index:  c_com E:\PHP\Install\AppServ\www\shiyan4\Home\Runtime\Cache\7e4848229090366086cc7eeb3bfc0798.php 第 51 行.
NOTIC: [8] Undefined index:  c_com E:\PHP\Install\AppServ\www\shiyan4\Home\Runtime\Cache\7e4848229090366086cc7eeb3bfc0798.php 第 51 行.
NOTIC: [8] Undefined index:  c_com E:\PHP\Install\AppServ\www\shiyan4\Home\Runtime\Cache\7e4848229090366086cc7eeb3bfc0798.php 第 51 行.
NOTIC: [8] Undefined index:  c_com E:\PHP\Install\AppServ\www\shiyan4\Home\Runtime\Cache\7e4848229090366086cc7eeb3bfc0798.php 第 51 行.
NOTIC: [8] Undefined variable: page E:\PHP\Install\AppServ\www\shiyan4\Home\Runtime\Cache\7e4848229090366086cc7eeb3bfc0798.php 第 56 行.
INFO: ParseTemplate Behavior ::run [ RunTime:0.065426s ]
INFO: [ view_parse ] --END-- [ RunTime:0.065708s ]
INFO: [ view_filter ] --START--
INFO: ContentReplace Behavior ::run [ RunTime:0.004644s ]
INFO: TokenBuild Behavior ::run [ RunTime:0.002947s ]
INFO: WriteHtmlCache Behavior ::run [ RunTime:0.004289s ]
INFO: ShowRuntime Behavior ::run [ RunTime:0.003741s ]
INFO: [ view_filter ] --END-- [ RunTime:0.016277s ]
INFO: [ view_end ] --START--
INFO: ShowPageTrace Behavior ::run [ RunTime:0.006203s ]
INFO: [ view_end ] --END-- [ RunTime:0.006430s ]

[ 2014-12-02T08:14:43+08:00 ] 127.0.0.1 /shiyan4/index.php/Search/index.html
INFO: [ route_check ] --START--
INFO: CheckRoute Behavior ::run [ RunTime:0.007530s ]
INFO: [ route_check ] --END-- [ RunTime:0.007795s ]
INFO: [ app_begin ] --START--
INFO: ReadHtmlCache Behavior ::run [ RunTime:0.004636s ]
INFO: [ app_begin ] --END-- [ RunTime:0.004837s ]
SQL: SHOW COLUMNS FROM `test_model` [ RunTime:0.020278s ]
ERR: 1146:Table 'task2.test_model' doesn't exist
 [ SQL语句 ] : SHOW COLUMNS FROM `test_model`
SQL: SELECT `tablename` FROM `test_model` WHERE ( `id` = 1 ) LIMIT 1   [ RunTime:0.001024s ]
ERR: 1146:Table 'task2.test_model' doesn't exist
 [ SQL语句 ] : SELECT `tablename` FROM `test_model` WHERE ( `id` = 1 ) LIMIT 1  
SQL: SELECT * FROM `test_model` ORDER BY id LIMIT 1   [ RunTime:0.000682s ]
ERR: 1146:Table 'task2.test_model' doesn't exist
 [ SQL语句 ] : SELECT * FROM `test_model` ORDER BY id LIMIT 1  
ERR: 模板不存在[./Home/Tpl/Search/index.html]

[ 2014-12-02T08:14:58+08:00 ] 127.0.0.1 /shiyan4/index.php/Search/index.html
INFO: [ route_check ] --START--
INFO: CheckRoute Behavior ::run [ RunTime:0.002656s ]
INFO: [ route_check ] --END-- [ RunTime:0.002938s ]
INFO: [ app_begin ] --START--
INFO: ReadHtmlCache Behavior ::run [ RunTime:0.002986s ]
INFO: [ app_begin ] --END-- [ RunTime:0.003225s ]
SQL: SHOW COLUMNS FROM `test_model` [ RunTime:0.010370s ]
ERR: 1146:Table 'task2.test_model' doesn't exist
 [ SQL语句 ] : SHOW COLUMNS FROM `test_model`
SQL: SELECT `tablename` FROM `test_model` WHERE ( `id` = 1 ) LIMIT 1   [ RunTime:0.000885s ]
ERR: 1146:Table 'task2.test_model' doesn't exist
 [ SQL语句 ] : SELECT `tablename` FROM `test_model` WHERE ( `id` = 1 ) LIMIT 1  
SQL: SELECT * FROM `test_model` ORDER BY id LIMIT 1   [ RunTime:0.000717s ]
ERR: 1146:Table 'task2.test_model' doesn't exist
 [ SQL语句 ] : SELECT * FROM `test_model` ORDER BY id LIMIT 1  
ERR: 模板不存在[./Home/Tpl/Search/index.html]

[ 2014-12-02T08:16:53+08:00 ] 127.0.0.1 /shiyan4/index.php/Search/index.html
INFO: [ route_check ] --START--
INFO: CheckRoute Behavior ::run [ RunTime:0.007374s ]
INFO: [ route_check ] --END-- [ RunTime:0.007684s ]
INFO: [ app_begin ] --START--
INFO: ReadHtmlCache Behavior ::run [ RunTime:0.005411s ]
INFO: [ app_begin ] --END-- [ RunTime:0.005904s ]
SQL: SELECT w.id, w.name, d.p_name, c.c_name FROM test_worker AS w, test_department AS d, test_com AS c
								WHERE w.com_id = c.id AND w.depart_id = d.id [ RunTime:0.001088s ]
SQL: SHOW COLUMNS FROM `test_method` [ RunTime:0.007638s ]
SQL: SELECT * FROM `test_method`  [ RunTime:0.004520s ]
ERR: 模板不存在[./Home/Tpl/Search/index.html]

[ 2014-12-02T08:18:20+08:00 ] 127.0.0.1 /shiyan4/index.php/Search/index.html
INFO: [ route_check ] --START--
INFO: CheckRoute Behavior ::run [ RunTime:0.006156s ]
INFO: [ route_check ] --END-- [ RunTime:0.006451s ]
INFO: [ app_begin ] --START--
INFO: ReadHtmlCache Behavior ::run [ RunTime:0.005191s ]
INFO: [ app_begin ] --END-- [ RunTime:0.005426s ]
SQL: SELECT w.id, w.name, d.p_name, c.c_name FROM test_worker AS w, test_department AS d, test_com AS c
								WHERE w.com_id = c.id AND w.depart_id = d.id [ RunTime:0.002796s ]
SQL: SHOW COLUMNS FROM `test_method` [ RunTime:0.008373s ]
SQL: SELECT * FROM `test_method`  [ RunTime:0.004180s ]
ERR: 模板不存在[./Home/Tpl/Search/index.html]

[ 2014-12-02T08:19:15+08:00 ] 127.0.0.1 /shiyan4/index.php/Search/index.html
INFO: [ route_check ] --START--
INFO: CheckRoute Behavior ::run [ RunTime:0.006334s ]
INFO: [ route_check ] --END-- [ RunTime:0.006625s ]
INFO: [ app_begin ] --START--
INFO: ReadHtmlCache Behavior ::run [ RunTime:0.005223s ]
INFO: [ app_begin ] --END-- [ RunTime:0.005471s ]
SQL: SELECT w.id, w.name, d.p_name, c.c_name FROM test_worker AS w, test_department AS d, test_com AS c
								WHERE w.com_id = c.id AND w.depart_id = d.id [ RunTime:0.000989s ]
SQL: SHOW COLUMNS FROM `test_method` [ RunTime:0.006911s ]
SQL: SELECT * FROM `test_method`  [ RunTime:0.003704s ]
ERR: 模板不存在[./Home/Tpl/Search/index.html]

[ 2014-12-02T08:19:51+08:00 ] 127.0.0.1 /shiyan4/index.php/Search/index.html
INFO: [ route_check ] --START--
INFO: CheckRoute Behavior ::run [ RunTime:0.006807s ]
INFO: [ route_check ] --END-- [ RunTime:0.007206s ]
INFO: [ app_begin ] --START--
INFO: ReadHtmlCache Behavior ::run [ RunTime:0.004634s ]
INFO: [ app_begin ] --END-- [ RunTime:0.004867s ]
SQL: SELECT w.id, w.name, d.p_name, c.c_name FROM test_worker AS w, test_department AS d, test_com AS c
								WHERE w.com_id = c.id AND w.depart_id = d.id [ RunTime:0.000838s ]
SQL: SHOW COLUMNS FROM `test_method` [ RunTime:0.007186s ]
SQL: SELECT * FROM `test_method`  [ RunTime:0.006243s ]
ERR: 模板不存在[./Home/Tpl/Search/index.html]

[ 2014-12-02T08:20:39+08:00 ] 127.0.0.1 /shiyan4/index.php/Search/index.html
INFO: [ route_check ] --START--
INFO: CheckRoute Behavior ::run [ RunTime:0.019937s ]
INFO: [ route_check ] --END-- [ RunTime:0.020251s ]
INFO: [ app_begin ] --START--
INFO: ReadHtmlCache Behavior ::run [ RunTime:0.006494s ]
INFO: [ app_begin ] --END-- [ RunTime:0.006735s ]
SQL: SELECT w.id, w.name, d.p_name, c.c_name FROM test_worker AS w, test_department AS d, test_com AS c
								WHERE w.com_id = c.id AND w.depart_id = d.id [ RunTime:0.001112s ]
SQL: SHOW COLUMNS FROM `test_method` [ RunTime:0.010737s ]
SQL: SELECT * FROM `test_method`  [ RunTime:0.000668s ]
INFO: [ view_parse ] --START--
NOTIC: [2] file_get_contents(./Home/Tpl/Public/header.html) [<a href='function.file-get-contents'>function.file-get-contents</a>]: failed to open stream: No such file or directory E:\PHP\Install\AppServ\www\shiyan4\ThinkPHP\Lib\Template\ThinkTemplate.class.php 第 695 行.
NOTIC: [2] file_get_contents(./Home/Tpl/Public/announce.html) [<a href='function.file-get-contents'>function.file-get-contents</a>]: failed to open stream: No such file or directory E:\PHP\Install\AppServ\www\shiyan4\ThinkPHP\Lib\Template\ThinkTemplate.class.php 第 695 行.
NOTIC: [2] file_get_contents(./Home/Tpl/Public/footer.html) [<a href='function.file-get-contents'>function.file-get-contents</a>]: failed to open stream: No such file or directory E:\PHP\Install\AppServ\www\shiyan4\ThinkPHP\Lib\Template\ThinkTemplate.class.php 第 695 行.
NOTIC: [8] Undefined variable: title E:\PHP\Install\AppServ\www\shiyan4\Home\Runtime\Cache\92e38013410269d8abd4d4154f893d34.php 第 6 行.
NOTIC: [8] Undefined index:  c_com E:\PHP\Install\AppServ\www\shiyan4\Home\Runtime\Cache\92e38013410269d8abd4d4154f893d34.php 第 51 行.
NOTIC: [8] Undefined index:  c_com E:\PHP\Install\AppServ\www\shiyan4\Home\Runtime\Cache\92e38013410269d8abd4d4154f893d34.php 第 51 行.
NOTIC: [8] Undefined index:  c_com E:\PHP\Install\AppServ\www\shiyan4\Home\Runtime\Cache\92e38013410269d8abd4d4154f893d34.php 第 51 行.
NOTIC: [8] Undefined index:  c_com E:\PHP\Install\AppServ\www\shiyan4\Home\Runtime\Cache\92e38013410269d8abd4d4154f893d34.php 第 51 行.
NOTIC: [8] Undefined variable: page E:\PHP\Install\AppServ\www\shiyan4\Home\Runtime\Cache\92e38013410269d8abd4d4154f893d34.php 第 56 行.
INFO: ParseTemplate Behavior ::run [ RunTime:0.060407s ]
INFO: [ view_parse ] --END-- [ RunTime:0.060755s ]
INFO: [ view_filter ] --START--
INFO: ContentReplace Behavior ::run [ RunTime:0.004315s ]
INFO: TokenBuild Behavior ::run [ RunTime:0.002626s ]
INFO: WriteHtmlCache Behavior ::run [ RunTime:0.003798s ]
INFO: ShowRuntime Behavior ::run [ RunTime:0.002788s ]
INFO: [ view_filter ] --END-- [ RunTime:0.014134s ]
INFO: [ view_end ] --START--
INFO: ShowPageTrace Behavior ::run [ RunTime:0.004717s ]
INFO: [ view_end ] --END-- [ RunTime:0.004917s ]

[ 2014-12-02T08:26:39+08:00 ] 127.0.0.1 /shiyan4/index.php/Search/index.html
INFO: [ route_check ] --START--
INFO: CheckRoute Behavior ::run [ RunTime:0.003851s ]
INFO: [ route_check ] --END-- [ RunTime:0.004106s ]
INFO: [ app_begin ] --START--
INFO: ReadHtmlCache Behavior ::run [ RunTime:0.003027s ]
INFO: [ app_begin ] --END-- [ RunTime:0.003228s ]

[ 2014-12-02T08:26:47+08:00 ] 127.0.0.1 /shiyan4/index.php/Search/index.html
INFO: [ route_check ] --START--
INFO: CheckRoute Behavior ::run [ RunTime:0.002632s ]
INFO: [ route_check ] --END-- [ RunTime:0.002914s ]
INFO: [ app_begin ] --START--
INFO: ReadHtmlCache Behavior ::run [ RunTime:0.003213s ]
INFO: [ app_begin ] --END-- [ RunTime:0.003452s ]

[ 2014-12-02T08:27:19+08:00 ] 127.0.0.1 /shiyan4/index.php
INFO: [ app_begin ] --START--
INFO: ReadHtmlCache Behavior ::run [ RunTime:0.001721s ]
INFO: [ app_begin ] --END-- [ RunTime:0.001992s ]
SQL: SELECT w.id, w.name, d.p_name, c.c_name FROM test_worker AS w, test_department AS d, test_com AS c
								WHERE w.com_id = c.id AND w.depart_id = d.id [ RunTime:0.001525s ]
SQL: SHOW COLUMNS FROM `test_method` [ RunTime:0.007227s ]
SQL: SELECT * FROM `test_method`  [ RunTime:0.002976s ]
INFO: [ view_parse ] --START--
NOTIC: [2] file_get_contents(./Home/Tpl/Public/header.html) [<a href='function.file-get-contents'>function.file-get-contents</a>]: failed to open stream: No such file or directory E:\PHP\Install\AppServ\www\shiyan4\ThinkPHP\Lib\Template\ThinkTemplate.class.php 第 695 行.
NOTIC: [2] file_get_contents(./Home/Tpl/Public/announce.html) [<a href='function.file-get-contents'>function.file-get-contents</a>]: failed to open stream: No such file or directory E:\PHP\Install\AppServ\www\shiyan4\ThinkPHP\Lib\Template\ThinkTemplate.class.php 第 695 行.
NOTIC: [2] file_get_contents(./Home/Tpl/Public/footer.html) [<a href='function.file-get-contents'>function.file-get-contents</a>]: failed to open stream: No such file or directory E:\PHP\Install\AppServ\www\shiyan4\ThinkPHP\Lib\Template\ThinkTemplate.class.php 第 695 行.
NOTIC: [8] Undefined variable: title E:\PHP\Install\AppServ\www\shiyan4\Home\Runtime\Cache\7e4848229090366086cc7eeb3bfc0798.php 第 6 行.
NOTIC: [8] Undefined index:  c_com E:\PHP\Install\AppServ\www\shiyan4\Home\Runtime\Cache\7e4848229090366086cc7eeb3bfc0798.php 第 51 行.
NOTIC: [8] Undefined index:  c_com E:\PHP\Install\AppServ\www\shiyan4\Home\Runtime\Cache\7e4848229090366086cc7eeb3bfc0798.php 第 51 行.
NOTIC: [8] Undefined index:  c_com E:\PHP\Install\AppServ\www\shiyan4\Home\Runtime\Cache\7e4848229090366086cc7eeb3bfc0798.php 第 51 行.
NOTIC: [8] Undefined index:  c_com E:\PHP\Install\AppServ\www\shiyan4\Home\Runtime\Cache\7e4848229090366086cc7eeb3bfc0798.php 第 51 行.
NOTIC: [8] Undefined variable: page E:\PHP\Install\AppServ\www\shiyan4\Home\Runtime\Cache\7e4848229090366086cc7eeb3bfc0798.php 第 56 行.
INFO: ParseTemplate Behavior ::run [ RunTime:0.072765s ]
INFO: [ view_parse ] --END-- [ RunTime:0.073040s ]
INFO: [ view_filter ] --START--
INFO: ContentReplace Behavior ::run [ RunTime:0.002556s ]
INFO: TokenBuild Behavior ::run [ RunTime:0.002567s ]
INFO: WriteHtmlCache Behavior ::run [ RunTime:0.002246s ]
INFO: ShowRuntime Behavior ::run [ RunTime:0.002815s ]
INFO: [ view_filter ] --END-- [ RunTime:0.010713s ]
INFO: [ view_end ] --START--
INFO: ShowPageTrace Behavior ::run [ RunTime:0.003119s ]
INFO: [ view_end ] --END-- [ RunTime:0.003309s ]

[ 2014-12-02T08:27:30+08:00 ] 127.0.0.1 /shiyan4/index.php/Search/index.html
INFO: [ route_check ] --START--
INFO: CheckRoute Behavior ::run [ RunTime:0.002573s ]
INFO: [ route_check ] --END-- [ RunTime:0.002861s ]
INFO: [ app_begin ] --START--
INFO: ReadHtmlCache Behavior ::run [ RunTime:0.001692s ]
INFO: [ app_begin ] --END-- [ RunTime:0.001928s ]

[ 2014-12-02T08:55:11+08:00 ] 127.0.0.1 /shiyan4/index.php/Search/index.html
INFO: [ route_check ] --START--
INFO: CheckRoute Behavior ::run [ RunTime:0.004806s ]
INFO: [ route_check ] --END-- [ RunTime:0.005115s ]
INFO: [ app_begin ] --START--
INFO: ReadHtmlCache Behavior ::run [ RunTime:0.004117s ]
INFO: [ app_begin ] --END-- [ RunTime:0.004382s ]

[ 2014-12-02T08:55:56+08:00 ] 127.0.0.1 /shiyan4/index.php/Search/index.html
INFO: [ route_check ] --START--
INFO: CheckRoute Behavior ::run [ RunTime:0.003366s ]
INFO: [ route_check ] --END-- [ RunTime:0.003652s ]
INFO: [ app_begin ] --START--
INFO: ReadHtmlCache Behavior ::run [ RunTime:0.001730s ]
INFO: [ app_begin ] --END-- [ RunTime:0.001958s ]
SQL: SELECT w.id, w.name, d.p_name, c.c_name FROM test_worker AS w, test_department AS d, test_com AS c
								WHERE w.com_id = c.id AND w.depart_id = d.id AND c.c_name LIKE '%小米%' [ RunTime:0.001383s ]

[ 2014-12-02T08:56:21+08:00 ] 127.0.0.1 /shiyan4/index.php/Search/index.html
INFO: [ route_check ] --START--
INFO: CheckRoute Behavior ::run [ RunTime:0.002286s ]
INFO: [ route_check ] --END-- [ RunTime:0.002548s ]
INFO: [ app_begin ] --START--
INFO: ReadHtmlCache Behavior ::run [ RunTime:0.001506s ]
INFO: [ app_begin ] --END-- [ RunTime:0.001717s ]
SQL: SELECT w.id, w.name, d.p_name, c.c_name FROM test_worker AS w, test_department AS d, test_com AS c
								WHERE w.com_id = c.id AND w.depart_id = d.id AND d.p_name LIKE '%保安%' [ RunTime:0.001545s ]

[ 2014-12-02T08:57:07+08:00 ] 127.0.0.1 /shiyan4/index.php/Search/index.html
INFO: [ route_check ] --START--
INFO: CheckRoute Behavior ::run [ RunTime:0.002566s ]
INFO: [ route_check ] --END-- [ RunTime:0.002838s ]
INFO: [ app_begin ] --START--
INFO: ReadHtmlCache Behavior ::run [ RunTime:0.001762s ]
INFO: [ app_begin ] --END-- [ RunTime:0.001989s ]
SQL: SELECT w.id, w.name, d.p_name, c.c_name FROM test_worker AS w, test_department AS d, test_com AS c
								WHERE w.com_id = c.id AND w.depart_id = d.id AND d.p_name LIKE '%人事%' [ RunTime:0.001089s ]

[ 2014-12-02T08:57:37+08:00 ] 127.0.0.1 /shiyan4/index.php/Search/index.html
INFO: [ route_check ] --START--
INFO: CheckRoute Behavior ::run [ RunTime:0.005817s ]
INFO: [ route_check ] --END-- [ RunTime:0.006120s ]
INFO: [ app_begin ] --START--
INFO: ReadHtmlCache Behavior ::run [ RunTime:0.003547s ]
INFO: [ app_begin ] --END-- [ RunTime:0.003793s ]
SQL: SELECT w.id, w.name, d.p_name, c.c_name FROM test_worker AS w, test_department AS d, test_com AS c
								WHERE w.com_id = c.id AND w.depart_id = d.id AND w.name LIKE '%小红%' [ RunTime:0.025518s ]

[ 2014-12-02T08:59:13+08:00 ] 127.0.0.1 /shiyan4/index.php/Search/index.html
INFO: [ route_check ] --START--
INFO: CheckRoute Behavior ::run [ RunTime:0.002632s ]
INFO: [ route_check ] --END-- [ RunTime:0.002917s ]
INFO: [ app_begin ] --START--
INFO: ReadHtmlCache Behavior ::run [ RunTime:0.001714s ]
INFO: [ app_begin ] --END-- [ RunTime:0.001949s ]
SQL: SELECT w.id, w.name, d.p_name, c.c_name FROM test_worker AS w, test_department AS d, test_com AS c
								WHERE w.com_id = c.id AND w.depart_id = d.id AND w.name LIKE '%小红%' [ RunTime:0.007924s ]
SQL: SHOW COLUMNS FROM `test_method` [ RunTime:0.027834s ]
SQL: SELECT * FROM `test_method`  [ RunTime:0.005491s ]
INFO: [ view_parse ] --START--
NOTIC: [2] file_get_contents(./Home/Tpl/Public/header.html) [<a href='function.file-get-contents'>function.file-get-contents</a>]: failed to open stream: No such file or directory E:\PHP\Install\AppServ\www\shiyan4\ThinkPHP\Lib\Template\ThinkTemplate.class.php 第 695 行.
NOTIC: [2] file_get_contents(./Home/Tpl/Public/announce.html) [<a href='function.file-get-contents'>function.file-get-contents</a>]: failed to open stream: No such file or directory E:\PHP\Install\AppServ\www\shiyan4\ThinkPHP\Lib\Template\ThinkTemplate.class.php 第 695 行.
NOTIC: [2] file_get_contents(./Home/Tpl/Public/footer.html) [<a href='function.file-get-contents'>function.file-get-contents</a>]: failed to open stream: No such file or directory E:\PHP\Install\AppServ\www\shiyan4\ThinkPHP\Lib\Template\ThinkTemplate.class.php 第 695 行.
NOTIC: [8] Undefined variable: title E:\PHP\Install\AppServ\www\shiyan4\Home\Runtime\Cache\92e38013410269d8abd4d4154f893d34.php 第 6 行.
NOTIC: [8] Undefined index:  c_com E:\PHP\Install\AppServ\www\shiyan4\Home\Runtime\Cache\92e38013410269d8abd4d4154f893d34.php 第 51 行.
NOTIC: [8] Undefined variable: page E:\PHP\Install\AppServ\www\shiyan4\Home\Runtime\Cache\92e38013410269d8abd4d4154f893d34.php 第 56 行.
INFO: ParseTemplate Behavior ::run [ RunTime:0.057004s ]
INFO: [ view_parse ] --END-- [ RunTime:0.057272s ]
INFO: [ view_filter ] --START--
INFO: ContentReplace Behavior ::run [ RunTime:0.002792s ]
INFO: TokenBuild Behavior ::run [ RunTime:0.002580s ]
INFO: WriteHtmlCache Behavior ::run [ RunTime:0.003783s ]
INFO: ShowRuntime Behavior ::run [ RunTime:0.004316s ]
INFO: [ view_filter ] --END-- [ RunTime:0.014007s ]
INFO: [ view_end ] --START--
INFO: ShowPageTrace Behavior ::run [ RunTime:0.003151s ]
INFO: [ view_end ] --END-- [ RunTime:0.003344s ]

[ 2014-12-02T09:11:09+08:00 ] 127.0.0.1 /shiyan4/index.php/Search/index.html
INFO: [ route_check ] --START--
INFO: CheckRoute Behavior ::run [ RunTime:0.005289s ]
INFO: [ route_check ] --END-- [ RunTime:0.005603s ]
INFO: [ app_begin ] --START--
INFO: ReadHtmlCache Behavior ::run [ RunTime:0.003966s ]
INFO: [ app_begin ] --END-- [ RunTime:0.004242s ]
SQL: SELECT w.id, w.name, d.p_name, c.c_name FROM test_worker AS w, test_department AS d, test_com AS c
								WHERE w.com_id = c.id AND w.depart_id = d.id AND c.c_name LIKE '%小米%' [ RunTime:0.001100s ]
SQL: SHOW COLUMNS FROM `test_method` [ RunTime:0.007401s ]
SQL: SELECT * FROM `test_method`  [ RunTime:0.006638s ]
INFO: [ view_parse ] --START--
NOTIC: [2] file_get_contents(./Home/Tpl/Public/header.html) [<a href='function.file-get-contents'>function.file-get-contents</a>]: failed to open stream: No such file or directory E:\PHP\Install\AppServ\www\shiyan4\ThinkPHP\Lib\Template\ThinkTemplate.class.php 第 695 行.
NOTIC: [2] file_get_contents(./Home/Tpl/Public/announce.html) [<a href='function.file-get-contents'>function.file-get-contents</a>]: failed to open stream: No such file or directory E:\PHP\Install\AppServ\www\shiyan4\ThinkPHP\Lib\Template\ThinkTemplate.class.php 第 695 行.
NOTIC: [2] file_get_contents(./Home/Tpl/Public/footer.html) [<a href='function.file-get-contents'>function.file-get-contents</a>]: failed to open stream: No such file or directory E:\PHP\Install\AppServ\www\shiyan4\ThinkPHP\Lib\Template\ThinkTemplate.class.php 第 695 行.
NOTIC: [8] Undefined variable: title E:\PHP\Install\AppServ\www\shiyan4\Home\Runtime\Cache\92e38013410269d8abd4d4154f893d34.php 第 6 行.
NOTIC: [8] Undefined index:  c_com E:\PHP\Install\AppServ\www\shiyan4\Home\Runtime\Cache\92e38013410269d8abd4d4154f893d34.php 第 51 行.
NOTIC: [8] Undefined index:  c_com E:\PHP\Install\AppServ\www\shiyan4\Home\Runtime\Cache\92e38013410269d8abd4d4154f893d34.php 第 51 行.
NOTIC: [8] Undefined variable: page E:\PHP\Install\AppServ\www\shiyan4\Home\Runtime\Cache\92e38013410269d8abd4d4154f893d34.php 第 56 行.
INFO: ParseTemplate Behavior ::run [ RunTime:0.061464s ]
INFO: [ view_parse ] --END-- [ RunTime:0.061738s ]
INFO: [ view_filter ] --START--
INFO: ContentReplace Behavior ::run [ RunTime:0.002948s ]
INFO: TokenBuild Behavior ::run [ RunTime:0.003697s ]
INFO: WriteHtmlCache Behavior ::run [ RunTime:0.004383s ]
INFO: ShowRuntime Behavior ::run [ RunTime:0.005991s ]
INFO: [ view_filter ] --END-- [ RunTime:0.017686s ]
INFO: [ view_end ] --START--
INFO: ShowPageTrace Behavior ::run [ RunTime:0.004315s ]
INFO: [ view_end ] --END-- [ RunTime:0.004597s ]

[ 2014-12-02T09:15:21+08:00 ] 127.0.0.1 /shiyan4/
INFO: [ app_begin ] --START--
INFO: ReadHtmlCache Behavior ::run [ RunTime:0.007145s ]
INFO: [ app_begin ] --END-- [ RunTime:0.007507s ]
SQL: SELECT w.id, w.name, d.p_name, c.c_name FROM test_worker AS w, test_department AS d, test_com AS c
								WHERE w.com_id = c.id AND w.depart_id = d.id [ RunTime:0.001300s ]
SQL: SHOW COLUMNS FROM `test_method` [ RunTime:0.008972s ]
SQL: SELECT * FROM `test_method`  [ RunTime:0.003282s ]
INFO: [ view_parse ] --START--
NOTIC: [2] file_get_contents(./Home/Tpl/Public/header.html) [<a href='function.file-get-contents'>function.file-get-contents</a>]: failed to open stream: No such file or directory E:\PHP\Install\AppServ\www\shiyan4\ThinkPHP\Lib\Template\ThinkTemplate.class.php 第 695 行.
NOTIC: [2] file_get_contents(./Home/Tpl/Public/announce.html) [<a href='function.file-get-contents'>function.file-get-contents</a>]: failed to open stream: No such file or directory E:\PHP\Install\AppServ\www\shiyan4\ThinkPHP\Lib\Template\ThinkTemplate.class.php 第 695 行.
NOTIC: [2] file_get_contents(./Home/Tpl/Public/footer.html) [<a href='function.file-get-contents'>function.file-get-contents</a>]: failed to open stream: No such file or directory E:\PHP\Install\AppServ\www\shiyan4\ThinkPHP\Lib\Template\ThinkTemplate.class.php 第 695 行.
NOTIC: [8] Undefined index:  c_com E:\PHP\Install\AppServ\www\shiyan4\Home\Runtime\Cache\7e4848229090366086cc7eeb3bfc0798.php 第 51 行.
NOTIC: [8] Undefined index:  c_com E:\PHP\Install\AppServ\www\shiyan4\Home\Runtime\Cache\7e4848229090366086cc7eeb3bfc0798.php 第 51 行.
NOTIC: [8] Undefined index:  c_com E:\PHP\Install\AppServ\www\shiyan4\Home\Runtime\Cache\7e4848229090366086cc7eeb3bfc0798.php 第 51 行.
NOTIC: [8] Undefined index:  c_com E:\PHP\Install\AppServ\www\shiyan4\Home\Runtime\Cache\7e4848229090366086cc7eeb3bfc0798.php 第 51 行.
NOTIC: [8] Undefined variable: page E:\PHP\Install\AppServ\www\shiyan4\Home\Runtime\Cache\7e4848229090366086cc7eeb3bfc0798.php 第 56 行.
INFO: ParseTemplate Behavior ::run [ RunTime:0.058096s ]
INFO: [ view_parse ] --END-- [ RunTime:0.058365s ]
INFO: [ view_filter ] --START--
INFO: ContentReplace Behavior ::run [ RunTime:0.004914s ]
INFO: TokenBuild Behavior ::run [ RunTime:0.002649s ]
INFO: WriteHtmlCache Behavior ::run [ RunTime:0.004021s ]
INFO: ShowRuntime Behavior ::run [ RunTime:0.002825s ]
INFO: [ view_filter ] --END-- [ RunTime:0.014972s ]
INFO: [ view_end ] --START--
INFO: ShowPageTrace Behavior ::run [ RunTime:0.005366s ]
INFO: [ view_end ] --END-- [ RunTime:0.005612s ]

[ 2014-12-02T09:16:38+08:00 ] 127.0.0.1 /shiyan4/
INFO: [ app_begin ] --START--
INFO: ReadHtmlCache Behavior ::run [ RunTime:0.003147s ]
INFO: [ app_begin ] --END-- [ RunTime:0.003413s ]
SQL: SELECT w.id, w.name, d.p_name, c.c_name FROM test_worker AS w, test_department AS d, test_com AS c
								WHERE w.com_id = c.id AND w.depart_id = d.id [ RunTime:0.001287s ]
SQL: SHOW COLUMNS FROM `test_method` [ RunTime:0.008692s ]
SQL: SELECT * FROM `test_method`  [ RunTime:0.003517s ]
INFO: [ view_parse ] --START--
NOTIC: [2] file_get_contents(./Home/Tpl/Public/header.html) [<a href='function.file-get-contents'>function.file-get-contents</a>]: failed to open stream: No such file or directory E:\PHP\Install\AppServ\www\shiyan4\ThinkPHP\Lib\Template\ThinkTemplate.class.php 第 695 行.
NOTIC: [2] file_get_contents(./Home/Tpl/Public/announce.html) [<a href='function.file-get-contents'>function.file-get-contents</a>]: failed to open stream: No such file or directory E:\PHP\Install\AppServ\www\shiyan4\ThinkPHP\Lib\Template\ThinkTemplate.class.php 第 695 行.
NOTIC: [2] file_get_contents(./Home/Tpl/Public/footer.html) [<a href='function.file-get-contents'>function.file-get-contents</a>]: failed to open stream: No such file or directory E:\PHP\Install\AppServ\www\shiyan4\ThinkPHP\Lib\Template\ThinkTemplate.class.php 第 695 行.
NOTIC: [8] Undefined index:  c_com E:\PHP\Install\AppServ\www\shiyan4\Home\Runtime\Cache\7e4848229090366086cc7eeb3bfc0798.php 第 51 行.
NOTIC: [8] Undefined index:  c_com E:\PHP\Install\AppServ\www\shiyan4\Home\Runtime\Cache\7e4848229090366086cc7eeb3bfc0798.php 第 51 行.
NOTIC: [8] Undefined index:  c_com E:\PHP\Install\AppServ\www\shiyan4\Home\Runtime\Cache\7e4848229090366086cc7eeb3bfc0798.php 第 51 行.
NOTIC: [8] Undefined index:  c_com E:\PHP\Install\AppServ\www\shiyan4\Home\Runtime\Cache\7e4848229090366086cc7eeb3bfc0798.php 第 51 行.
NOTIC: [8] Undefined variable: page E:\PHP\Install\AppServ\www\shiyan4\Home\Runtime\Cache\7e4848229090366086cc7eeb3bfc0798.php 第 56 行.
INFO: ParseTemplate Behavior ::run [ RunTime:0.046064s ]
INFO: [ view_parse ] --END-- [ RunTime:0.046294s ]
INFO: [ view_filter ] --START--
INFO: ContentReplace Behavior ::run [ RunTime:0.003086s ]
INFO: TokenBuild Behavior ::run [ RunTime:0.002433s ]
INFO: WriteHtmlCache Behavior ::run [ RunTime:0.003050s ]
INFO: ShowRuntime Behavior ::run [ RunTime:0.003909s ]
INFO: [ view_filter ] --END-- [ RunTime:0.013166s ]
INFO: [ view_end ] --START--
INFO: ShowPageTrace Behavior ::run [ RunTime:0.003193s ]
INFO: [ view_end ] --END-- [ RunTime:0.003456s ]

[ 2014-12-02T09:18:42+08:00 ] 127.0.0.1 /shiyan4/
INFO: [ app_begin ] --START--
INFO: ReadHtmlCache Behavior ::run [ RunTime:0.002756s ]
INFO: [ app_begin ] --END-- [ RunTime:0.002990s ]
SQL: SELECT w.id, w.name, d.p_name, c.c_name FROM test_worker AS w, test_department AS d, test_com AS c
								WHERE w.com_id = c.id AND w.depart_id = d.id [ RunTime:0.001190s ]
SQL: SHOW COLUMNS FROM `test_method` [ RunTime:0.006296s ]
SQL: SELECT * FROM `test_method`  [ RunTime:0.002641s ]
INFO: [ view_parse ] --START--
NOTIC: [2] file_get_contents(./Home/Tpl/Public/header.html) [<a href='function.file-get-contents'>function.file-get-contents</a>]: failed to open stream: No such file or directory E:\PHP\Install\AppServ\www\shiyan4\ThinkPHP\Lib\Template\ThinkTemplate.class.php 第 695 行.
NOTIC: [2] file_get_contents(./Home/Tpl/Public/announce.html) [<a href='function.file-get-contents'>function.file-get-contents</a>]: failed to open stream: No such file or directory E:\PHP\Install\AppServ\www\shiyan4\ThinkPHP\Lib\Template\ThinkTemplate.class.php 第 695 行.
NOTIC: [2] file_get_contents(./Home/Tpl/Public/footer.html) [<a href='function.file-get-contents'>function.file-get-contents</a>]: failed to open stream: No such file or directory E:\PHP\Install\AppServ\www\shiyan4\ThinkPHP\Lib\Template\ThinkTemplate.class.php 第 695 行.
NOTIC: [8] Undefined index:  c_com E:\PHP\Install\AppServ\www\shiyan4\Home\Runtime\Cache\7e4848229090366086cc7eeb3bfc0798.php 第 51 行.
NOTIC: [8] Undefined index:  c_com E:\PHP\Install\AppServ\www\shiyan4\Home\Runtime\Cache\7e4848229090366086cc7eeb3bfc0798.php 第 51 行.
NOTIC: [8] Undefined index:  c_com E:\PHP\Install\AppServ\www\shiyan4\Home\Runtime\Cache\7e4848229090366086cc7eeb3bfc0798.php 第 51 行.
NOTIC: [8] Undefined index:  c_com E:\PHP\Install\AppServ\www\shiyan4\Home\Runtime\Cache\7e4848229090366086cc7eeb3bfc0798.php 第 51 行.
NOTIC: [8] Undefined variable: page E:\PHP\Install\AppServ\www\shiyan4\Home\Runtime\Cache\7e4848229090366086cc7eeb3bfc0798.php 第 56 行.
INFO: ParseTemplate Behavior ::run [ RunTime:0.053934s ]
INFO: [ view_parse ] --END-- [ RunTime:0.054196s ]
INFO: [ view_filter ] --START--
INFO: ContentReplace Behavior ::run [ RunTime:0.002278s ]
INFO: TokenBuild Behavior ::run [ RunTime:0.002340s ]
INFO: WriteHtmlCache Behavior ::run [ RunTime:0.002019s ]
INFO: ShowRuntime Behavior ::run [ RunTime:0.002567s ]
INFO: [ view_filter ] --END-- [ RunTime:0.009703s ]
INFO: [ view_end ] --START--
INFO: ShowPageTrace Behavior ::run [ RunTime:0.002866s ]
INFO: [ view_end ] --END-- [ RunTime:0.003042s ]

[ 2014-12-02T09:21:23+08:00 ] 127.0.0.1 /shiyan4/
INFO: [ app_begin ] --START--
INFO: ReadHtmlCache Behavior ::run [ RunTime:0.003583s ]
INFO: [ app_begin ] --END-- [ RunTime:0.003888s ]
SQL: SELECT w.id, w.name, d.p_name, c.c_name FROM test_worker AS w, test_department AS d, test_com AS c
								WHERE w.com_id = c.id AND w.depart_id = d.id [ RunTime:0.003967s ]
SQL: SHOW COLUMNS FROM `test_method` [ RunTime:0.011223s ]
SQL: SELECT * FROM `test_method`  [ RunTime:0.004737s ]
INFO: [ view_parse ] --START--
NOTIC: [2] file_get_contents(./Home/Tpl/Public/header.html) [<a href='function.file-get-contents'>function.file-get-contents</a>]: failed to open stream: No such file or directory E:\PHP\Install\AppServ\www\shiyan4\ThinkPHP\Lib\Template\ThinkTemplate.class.php 第 695 行.
NOTIC: [2] file_get_contents(./Home/Tpl/Public/announce.html) [<a href='function.file-get-contents'>function.file-get-contents</a>]: failed to open stream: No such file or directory E:\PHP\Install\AppServ\www\shiyan4\ThinkPHP\Lib\Template\ThinkTemplate.class.php 第 695 行.
NOTIC: [2] file_get_contents(./Home/Tpl/Public/footer.html) [<a href='function.file-get-contents'>function.file-get-contents</a>]: failed to open stream: No such file or directory E:\PHP\Install\AppServ\www\shiyan4\ThinkPHP\Lib\Template\ThinkTemplate.class.php 第 695 行.
NOTIC: [8] Undefined variable: keyword E:\PHP\Install\AppServ\www\shiyan4\Home\Runtime\Cache\7e4848229090366086cc7eeb3bfc0798.php 第 47 行.
NOTIC: [8] Undefined index:  c_com E:\PHP\Install\AppServ\www\shiyan4\Home\Runtime\Cache\7e4848229090366086cc7eeb3bfc0798.php 第 52 行.
NOTIC: [8] Undefined index:  c_com E:\PHP\Install\AppServ\www\shiyan4\Home\Runtime\Cache\7e4848229090366086cc7eeb3bfc0798.php 第 52 行.
NOTIC: [8] Undefined index:  c_com E:\PHP\Install\AppServ\www\shiyan4\Home\Runtime\Cache\7e4848229090366086cc7eeb3bfc0798.php 第 52 行.
NOTIC: [8] Undefined index:  c_com E:\PHP\Install\AppServ\www\shiyan4\Home\Runtime\Cache\7e4848229090366086cc7eeb3bfc0798.php 第 52 行.
NOTIC: [8] Undefined variable: page E:\PHP\Install\AppServ\www\shiyan4\Home\Runtime\Cache\7e4848229090366086cc7eeb3bfc0798.php 第 57 行.
INFO: ParseTemplate Behavior ::run [ RunTime:0.055602s ]
INFO: [ view_parse ] --END-- [ RunTime:0.055945s ]
INFO: [ view_filter ] --START--
INFO: ContentReplace Behavior ::run [ RunTime:0.002951s ]
INFO: TokenBuild Behavior ::run [ RunTime:0.002970s ]
INFO: WriteHtmlCache Behavior ::run [ RunTime:0.002589s ]
INFO: ShowRuntime Behavior ::run [ RunTime:0.003186s ]
INFO: [ view_filter ] --END-- [ RunTime:0.012310s ]
INFO: [ view_end ] --START--
INFO: ShowPageTrace Behavior ::run [ RunTime:0.003594s ]
INFO: [ view_end ] --END-- [ RunTime:0.003813s ]

[ 2014-12-02T09:23:20+08:00 ] 127.0.0.1 /shiyan4/
INFO: [ app_begin ] --START--
INFO: ReadHtmlCache Behavior ::run [ RunTime:0.003628s ]
INFO: [ app_begin ] --END-- [ RunTime:0.003946s ]
SQL: SELECT w.id, w.name, d.p_name, c.c_name FROM test_worker AS w, test_department AS d, test_com AS c
								WHERE w.com_id = c.id AND w.depart_id = d.id [ RunTime:0.001082s ]
SQL: SHOW COLUMNS FROM `test_method` [ RunTime:0.007553s ]
SQL: SELECT * FROM `test_method`  [ RunTime:0.006054s ]
INFO: [ view_parse ] --START--
NOTIC: [2] file_get_contents(./Home/Tpl/Public/header.html) [<a href='function.file-get-contents'>function.file-get-contents</a>]: failed to open stream: No such file or directory E:\PHP\Install\AppServ\www\shiyan4\ThinkPHP\Lib\Template\ThinkTemplate.class.php 第 695 行.
NOTIC: [2] file_get_contents(./Home/Tpl/Public/announce.html) [<a href='function.file-get-contents'>function.file-get-contents</a>]: failed to open stream: No such file or directory E:\PHP\Install\AppServ\www\shiyan4\ThinkPHP\Lib\Template\ThinkTemplate.class.php 第 695 行.
NOTIC: [2] file_get_contents(./Home/Tpl/Public/footer.html) [<a href='function.file-get-contents'>function.file-get-contents</a>]: failed to open stream: No such file or directory E:\PHP\Install\AppServ\www\shiyan4\ThinkPHP\Lib\Template\ThinkTemplate.class.php 第 695 行.
NOTIC: [8] Undefined variable: keyword E:\PHP\Install\AppServ\www\shiyan4\Home\Runtime\Cache\7e4848229090366086cc7eeb3bfc0798.php 第 47 行.
NOTIC: [8] Undefined index:  c_com E:\PHP\Install\AppServ\www\shiyan4\Home\Runtime\Cache\7e4848229090366086cc7eeb3bfc0798.php 第 52 行.
NOTIC: [8] Undefined index:  c_com E:\PHP\Install\AppServ\www\shiyan4\Home\Runtime\Cache\7e4848229090366086cc7eeb3bfc0798.php 第 52 行.
NOTIC: [8] Undefined index:  c_com E:\PHP\Install\AppServ\www\shiyan4\Home\Runtime\Cache\7e4848229090366086cc7eeb3bfc0798.php 第 52 行.
NOTIC: [8] Undefined index:  c_com E:\PHP\Install\AppServ\www\shiyan4\Home\Runtime\Cache\7e4848229090366086cc7eeb3bfc0798.php 第 52 行.
NOTIC: [8] Undefined variable: page E:\PHP\Install\AppServ\www\shiyan4\Home\Runtime\Cache\7e4848229090366086cc7eeb3bfc0798.php 第 57 行.
INFO: ParseTemplate Behavior ::run [ RunTime:0.047924s ]
INFO: [ view_parse ] --END-- [ RunTime:0.048215s ]
INFO: [ view_filter ] --START--
INFO: ContentReplace Behavior ::run [ RunTime:0.003361s ]
INFO: TokenBuild Behavior ::run [ RunTime:0.002587s ]
INFO: WriteHtmlCache Behavior ::run [ RunTime:0.003940s ]
INFO: ShowRuntime Behavior ::run [ RunTime:0.004503s ]
INFO: [ view_filter ] --END-- [ RunTime:0.015008s ]
INFO: [ view_end ] --START--
INFO: ShowPageTrace Behavior ::run [ RunTime:0.005583s ]
INFO: [ view_end ] --END-- [ RunTime:0.005798s ]

[ 2014-12-02T09:24:19+08:00 ] 127.0.0.1 /shiyan4/
INFO: [ app_begin ] --START--
INFO: ReadHtmlCache Behavior ::run [ RunTime:0.003342s ]
INFO: [ app_begin ] --END-- [ RunTime:0.003593s ]
SQL: SELECT w.id, w.name, d.p_name, c.c_name FROM test_worker AS w, test_department AS d, test_com AS c
								WHERE w.com_id = c.id AND w.depart_id = d.id [ RunTime:0.000820s ]
SQL: SHOW COLUMNS FROM `test_method` [ RunTime:0.007653s ]
SQL: SELECT * FROM `test_method`  [ RunTime:0.003544s ]
INFO: [ view_parse ] --START--
NOTIC: [2] file_get_contents(./Home/Tpl/Public/header.html) [<a href='function.file-get-contents'>function.file-get-contents</a>]: failed to open stream: No such file or directory E:\PHP\Install\AppServ\www\shiyan4\ThinkPHP\Lib\Template\ThinkTemplate.class.php 第 695 行.
NOTIC: [2] file_get_contents(./Home/Tpl/Public/announce.html) [<a href='function.file-get-contents'>function.file-get-contents</a>]: failed to open stream: No such file or directory E:\PHP\Install\AppServ\www\shiyan4\ThinkPHP\Lib\Template\ThinkTemplate.class.php 第 695 行.
NOTIC: [2] file_get_contents(./Home/Tpl/Public/footer.html) [<a href='function.file-get-contents'>function.file-get-contents</a>]: failed to open stream: No such file or directory E:\PHP\Install\AppServ\www\shiyan4\ThinkPHP\Lib\Template\ThinkTemplate.class.php 第 695 行.
NOTIC: [8] Undefined variable: keyword E:\PHP\Install\AppServ\www\shiyan4\Home\Runtime\Cache\7e4848229090366086cc7eeb3bfc0798.php 第 47 行.
NOTIC: [8] Undefined index:  c_com E:\PHP\Install\AppServ\www\shiyan4\Home\Runtime\Cache\7e4848229090366086cc7eeb3bfc0798.php 第 52 行.
NOTIC: [8] Undefined index:  c_com E:\PHP\Install\AppServ\www\shiyan4\Home\Runtime\Cache\7e4848229090366086cc7eeb3bfc0798.php 第 52 行.
NOTIC: [8] Undefined index:  c_com E:\PHP\Install\AppServ\www\shiyan4\Home\Runtime\Cache\7e4848229090366086cc7eeb3bfc0798.php 第 52 行.
NOTIC: [8] Undefined index:  c_com E:\PHP\Install\AppServ\www\shiyan4\Home\Runtime\Cache\7e4848229090366086cc7eeb3bfc0798.php 第 52 行.
INFO: ParseTemplate Behavior ::run [ RunTime:0.042117s ]
INFO: [ view_parse ] --END-- [ RunTime:0.042341s ]
INFO: [ view_filter ] --START--
INFO: ContentReplace Behavior ::run [ RunTime:0.002278s ]
INFO: TokenBuild Behavior ::run [ RunTime:0.002244s ]
INFO: WriteHtmlCache Behavior ::run [ RunTime:0.003030s ]
INFO: ShowRuntime Behavior ::run [ RunTime:0.003453s ]
INFO: [ view_filter ] --END-- [ RunTime:0.011453s ]
INFO: [ view_end ] --START--
INFO: ShowPageTrace Behavior ::run [ RunTime:0.002530s ]
INFO: [ view_end ] --END-- [ RunTime:0.002686s ]

[ 2014-12-02T09:24:44+08:00 ] 127.0.0.1 /shiyan4/
INFO: [ app_begin ] --START--
INFO: ReadHtmlCache Behavior ::run [ RunTime:0.001392s ]
INFO: [ app_begin ] --END-- [ RunTime:0.001620s ]
SQL: SELECT w.id, w.name, d.p_name, c.c_name FROM test_worker AS w, test_department AS d, test_com AS c
								WHERE w.com_id = c.id AND w.depart_id = d.id [ RunTime:0.001110s ]
SQL: SHOW COLUMNS FROM `test_method` [ RunTime:0.010050s ]
SQL: SELECT * FROM `test_method`  [ RunTime:0.006298s ]
INFO: [ view_parse ] --START--
NOTIC: [2] file_get_contents(./Home/Tpl/Public/header.html) [<a href='function.file-get-contents'>function.file-get-contents</a>]: failed to open stream: No such file or directory E:\PHP\Install\AppServ\www\shiyan4\ThinkPHP\Lib\Template\ThinkTemplate.class.php 第 695 行.
NOTIC: [2] file_get_contents(./Home/Tpl/Public/announce.html) [<a href='function.file-get-contents'>function.file-get-contents</a>]: failed to open stream: No such file or directory E:\PHP\Install\AppServ\www\shiyan4\ThinkPHP\Lib\Template\ThinkTemplate.class.php 第 695 行.
NOTIC: [2] file_get_contents(./Home/Tpl/Public/footer.html) [<a href='function.file-get-contents'>function.file-get-contents</a>]: failed to open stream: No such file or directory E:\PHP\Install\AppServ\www\shiyan4\ThinkPHP\Lib\Template\ThinkTemplate.class.php 第 695 行.
NOTIC: [8] Undefined variable: keyword E:\PHP\Install\AppServ\www\shiyan4\Home\Runtime\Cache\7e4848229090366086cc7eeb3bfc0798.php 第 47 行.
NOTIC: [8] Undefined index:  c_com E:\PHP\Install\AppServ\www\shiyan4\Home\Runtime\Cache\7e4848229090366086cc7eeb3bfc0798.php 第 52 行.
NOTIC: [8] Undefined index:  c_com E:\PHP\Install\AppServ\www\shiyan4\Home\Runtime\Cache\7e4848229090366086cc7eeb3bfc0798.php 第 52 行.
NOTIC: [8] Undefined index:  c_com E:\PHP\Install\AppServ\www\shiyan4\Home\Runtime\Cache\7e4848229090366086cc7eeb3bfc0798.php 第 52 行.
NOTIC: [8] Undefined index:  c_com E:\PHP\Install\AppServ\www\shiyan4\Home\Runtime\Cache\7e4848229090366086cc7eeb3bfc0798.php 第 52 行.
NOTIC: [8] Undefined variable: page E:\PHP\Install\AppServ\www\shiyan4\Home\Runtime\Cache\7e4848229090366086cc7eeb3bfc0798.php 第 57 行.
INFO: ParseTemplate Behavior ::run [ RunTime:0.034851s ]
INFO: [ view_parse ] --END-- [ RunTime:0.035113s ]
INFO: [ view_filter ] --START--
INFO: ContentReplace Behavior ::run [ RunTime:0.000988s ]
INFO: TokenBuild Behavior ::run [ RunTime:0.000922s ]
INFO: WriteHtmlCache Behavior ::run [ RunTime:0.003518s ]
INFO: ShowRuntime Behavior ::run [ RunTime:0.004012s ]
INFO: [ view_filter ] --END-- [ RunTime:0.009956s ]
INFO: [ view_end ] --START--
INFO: ShowPageTrace Behavior ::run [ RunTime:0.005577s ]
INFO: [ view_end ] --END-- [ RunTime:0.005807s ]

[ 2014-12-02T09:25:05+08:00 ] 127.0.0.1 /shiyan4/index.php/Search/index.html
INFO: [ route_check ] --START--
INFO: CheckRoute Behavior ::run [ RunTime:0.003834s ]
INFO: [ route_check ] --END-- [ RunTime:0.004092s ]
INFO: [ app_begin ] --START--
INFO: ReadHtmlCache Behavior ::run [ RunTime:0.001473s ]
INFO: [ app_begin ] --END-- [ RunTime:0.001676s ]
SQL: SELECT w.id, w.name, d.p_name, c.c_name FROM test_worker AS w, test_department AS d, test_com AS c
								WHERE w.com_id = c.id AND w.depart_id = d.id AND c.c_name LIKE '%小米%' [ RunTime:0.001163s ]
SQL: SHOW COLUMNS FROM `test_method` [ RunTime:0.010297s ]
SQL: SELECT * FROM `test_method`  [ RunTime:0.003734s ]
INFO: [ view_parse ] --START--
NOTIC: [2] file_get_contents(./Home/Tpl/Public/header.html) [<a href='function.file-get-contents'>function.file-get-contents</a>]: failed to open stream: No such file or directory E:\PHP\Install\AppServ\www\shiyan4\ThinkPHP\Lib\Template\ThinkTemplate.class.php 第 695 行.
NOTIC: [2] file_get_contents(./Home/Tpl/Public/announce.html) [<a href='function.file-get-contents'>function.file-get-contents</a>]: failed to open stream: No such file or directory E:\PHP\Install\AppServ\www\shiyan4\ThinkPHP\Lib\Template\ThinkTemplate.class.php 第 695 行.
NOTIC: [2] file_get_contents(./Home/Tpl/Public/footer.html) [<a href='function.file-get-contents'>function.file-get-contents</a>]: failed to open stream: No such file or directory E:\PHP\Install\AppServ\www\shiyan4\ThinkPHP\Lib\Template\ThinkTemplate.class.php 第 695 行.
NOTIC: [8] Undefined variable: title E:\PHP\Install\AppServ\www\shiyan4\Home\Runtime\Cache\92e38013410269d8abd4d4154f893d34.php 第 6 行.
NOTIC: [8] Undefined index:  c_com E:\PHP\Install\AppServ\www\shiyan4\Home\Runtime\Cache\92e38013410269d8abd4d4154f893d34.php 第 51 行.
NOTIC: [8] Undefined index:  c_com E:\PHP\Install\AppServ\www\shiyan4\Home\Runtime\Cache\92e38013410269d8abd4d4154f893d34.php 第 51 行.
NOTIC: [8] Undefined variable: page E:\PHP\Install\AppServ\www\shiyan4\Home\Runtime\Cache\92e38013410269d8abd4d4154f893d34.php 第 56 行.
INFO: ParseTemplate Behavior ::run [ RunTime:0.045168s ]
INFO: [ view_parse ] --END-- [ RunTime:0.045482s ]
INFO: [ view_filter ] --START--
INFO: ContentReplace Behavior ::run [ RunTime:0.001004s ]
INFO: TokenBuild Behavior ::run [ RunTime:0.001815s ]
INFO: WriteHtmlCache Behavior ::run [ RunTime:0.003803s ]
INFO: ShowRuntime Behavior ::run [ RunTime:0.003534s ]
INFO: [ view_filter ] --END-- [ RunTime:0.010700s ]
INFO: [ view_end ] --START--
INFO: ShowPageTrace Behavior ::run [ RunTime:0.001615s ]
INFO: [ view_end ] --END-- [ RunTime:0.001810s ]

[ 2014-12-02T09:26:47+08:00 ] 127.0.0.1 /shiyan4/index.php/Search/index.html
INFO: [ route_check ] --START--
INFO: CheckRoute Behavior ::run [ RunTime:0.004513s ]
INFO: [ route_check ] --END-- [ RunTime:0.004808s ]
INFO: [ app_begin ] --START--
INFO: ReadHtmlCache Behavior ::run [ RunTime:0.004576s ]
INFO: [ app_begin ] --END-- [ RunTime:0.004894s ]
SQL: SELECT w.id, w.name, d.p_name, c.c_name FROM test_worker AS w, test_department AS d, test_com AS c
								WHERE w.com_id = c.id AND w.depart_id = d.id AND c.c_name LIKE '%小米%' [ RunTime:0.001086s ]
SQL: SHOW COLUMNS FROM `test_method` [ RunTime:0.033432s ]
SQL: SELECT * FROM `test_method`  [ RunTime:0.002080s ]
INFO: [ view_parse ] --START--
NOTIC: [2] file_get_contents(./Home/Tpl/Public/header.html) [<a href='function.file-get-contents'>function.file-get-contents</a>]: failed to open stream: No such file or directory E:\PHP\Install\AppServ\www\shiyan4\ThinkPHP\Lib\Template\ThinkTemplate.class.php 第 695 行.
NOTIC: [2] file_get_contents(./Home/Tpl/Public/announce.html) [<a href='function.file-get-contents'>function.file-get-contents</a>]: failed to open stream: No such file or directory E:\PHP\Install\AppServ\www\shiyan4\ThinkPHP\Lib\Template\ThinkTemplate.class.php 第 695 行.
NOTIC: [2] file_get_contents(./Home/Tpl/Public/footer.html) [<a href='function.file-get-contents'>function.file-get-contents</a>]: failed to open stream: No such file or directory E:\PHP\Install\AppServ\www\shiyan4\ThinkPHP\Lib\Template\ThinkTemplate.class.php 第 695 行.
NOTIC: [8] Undefined index:  c_com E:\PHP\Install\AppServ\www\shiyan4\Home\Runtime\Cache\92e38013410269d8abd4d4154f893d34.php 第 51 行.
NOTIC: [8] Undefined index:  c_com E:\PHP\Install\AppServ\www\shiyan4\Home\Runtime\Cache\92e38013410269d8abd4d4154f893d34.php 第 51 行.
NOTIC: [8] Undefined variable: page E:\PHP\Install\AppServ\www\shiyan4\Home\Runtime\Cache\92e38013410269d8abd4d4154f893d34.php 第 56 行.
INFO: ParseTemplate Behavior ::run [ RunTime:0.061740s ]
INFO: [ view_parse ] --END-- [ RunTime:0.062032s ]
INFO: [ view_filter ] --START--
INFO: ContentReplace Behavior ::run [ RunTime:0.002559s ]
INFO: TokenBuild Behavior ::run [ RunTime:0.002583s ]
INFO: WriteHtmlCache Behavior ::run [ RunTime:0.002266s ]
INFO: ShowRuntime Behavior ::run [ RunTime:0.002768s ]
INFO: [ view_filter ] --END-- [ RunTime:0.010704s ]
INFO: [ view_end ] --START--
INFO: ShowPageTrace Behavior ::run [ RunTime:0.003136s ]
INFO: [ view_end ] --END-- [ RunTime:0.003329s ]

[ 2014-12-02T09:27:09+08:00 ] 127.0.0.1 /shiyan4/index.php/Search/index.html
INFO: [ route_check ] --START--
INFO: CheckRoute Behavior ::run [ RunTime:0.004175s ]
INFO: [ route_check ] --END-- [ RunTime:0.004430s ]
INFO: [ app_begin ] --START--
INFO: ReadHtmlCache Behavior ::run [ RunTime:0.003340s ]
INFO: [ app_begin ] --END-- [ RunTime:0.003605s ]
SQL: SELECT w.id, w.name, d.p_name, c.c_name FROM test_worker AS w, test_department AS d, test_com AS c
								WHERE w.com_id = c.id AND w.depart_id = d.id AND c.c_name LIKE '%小米%' [ RunTime:0.000751s ]
SQL: SHOW COLUMNS FROM `test_method` [ RunTime:0.008035s ]
SQL: SELECT * FROM `test_method`  [ RunTime:0.002637s ]
INFO: [ view_parse ] --START--
NOTIC: [2] file_get_contents(./Home/Tpl/Public/header.html) [<a href='function.file-get-contents'>function.file-get-contents</a>]: failed to open stream: No such file or directory E:\PHP\Install\AppServ\www\shiyan4\ThinkPHP\Lib\Template\ThinkTemplate.class.php 第 695 行.
NOTIC: [2] file_get_contents(./Home/Tpl/Public/announce.html) [<a href='function.file-get-contents'>function.file-get-contents</a>]: failed to open stream: No such file or directory E:\PHP\Install\AppServ\www\shiyan4\ThinkPHP\Lib\Template\ThinkTemplate.class.php 第 695 行.
NOTIC: [2] file_get_contents(./Home/Tpl/Public/footer.html) [<a href='function.file-get-contents'>function.file-get-contents</a>]: failed to open stream: No such file or directory E:\PHP\Install\AppServ\www\shiyan4\ThinkPHP\Lib\Template\ThinkTemplate.class.php 第 695 行.
NOTIC: [8] Undefined index:  c_com E:\PHP\Install\AppServ\www\shiyan4\Home\Runtime\Cache\92e38013410269d8abd4d4154f893d34.php 第 51 行.
NOTIC: [8] Undefined index:  c_com E:\PHP\Install\AppServ\www\shiyan4\Home\Runtime\Cache\92e38013410269d8abd4d4154f893d34.php 第 51 行.
NOTIC: [8] Undefined variable: page E:\PHP\Install\AppServ\www\shiyan4\Home\Runtime\Cache\92e38013410269d8abd4d4154f893d34.php 第 56 行.
INFO: ParseTemplate Behavior ::run [ RunTime:0.041775s ]
INFO: [ view_parse ] --END-- [ RunTime:0.042010s ]
INFO: [ view_filter ] --START--
INFO: ContentReplace Behavior ::run [ RunTime:0.002286s ]
INFO: TokenBuild Behavior ::run [ RunTime:0.002294s ]
INFO: WriteHtmlCache Behavior ::run [ RunTime:0.003354s ]
INFO: ShowRuntime Behavior ::run [ RunTime:0.003803s ]
INFO: [ view_filter ] --END-- [ RunTime:0.012208s ]
INFO: [ view_end ] --START--
INFO: ShowPageTrace Behavior ::run [ RunTime:0.004263s ]
INFO: [ view_end ] --END-- [ RunTime:0.004451s ]

[ 2014-12-02T09:27:52+08:00 ] 127.0.0.1 /shiyan4/index.php/Search/index.html
INFO: [ route_check ] --START--
INFO: CheckRoute Behavior ::run [ RunTime:0.004486s ]
INFO: [ route_check ] --END-- [ RunTime:0.004775s ]
INFO: [ app_begin ] --START--
INFO: ReadHtmlCache Behavior ::run [ RunTime:0.003591s ]
INFO: [ app_begin ] --END-- [ RunTime:0.003897s ]
SQL: SELECT w.id, w.name, d.p_name, c.c_name FROM test_worker AS w, test_department AS d, test_com AS c
								WHERE w.com_id = c.id AND w.depart_id = d.id AND c.c_name LIKE '%小米%' [ RunTime:0.006309s ]
SQL: SHOW COLUMNS FROM `test_method` [ RunTime:0.008763s ]
SQL: SELECT * FROM `test_method`  [ RunTime:0.003129s ]
INFO: [ view_parse ] --START--
NOTIC: [2] file_get_contents(./Home/Tpl/Public/header.html) [<a href='function.file-get-contents'>function.file-get-contents</a>]: failed to open stream: No such file or directory E:\PHP\Install\AppServ\www\shiyan4\ThinkPHP\Lib\Template\ThinkTemplate.class.php 第 695 行.
NOTIC: [2] file_get_contents(./Home/Tpl/Public/announce.html) [<a href='function.file-get-contents'>function.file-get-contents</a>]: failed to open stream: No such file or directory E:\PHP\Install\AppServ\www\shiyan4\ThinkPHP\Lib\Template\ThinkTemplate.class.php 第 695 行.
NOTIC: [2] file_get_contents(./Home/Tpl/Public/footer.html) [<a href='function.file-get-contents'>function.file-get-contents</a>]: failed to open stream: No such file or directory E:\PHP\Install\AppServ\www\shiyan4\ThinkPHP\Lib\Template\ThinkTemplate.class.php 第 695 行.
NOTIC: [8] Undefined index:  c_com E:\PHP\Install\AppServ\www\shiyan4\Home\Runtime\Cache\92e38013410269d8abd4d4154f893d34.php 第 52 行.
NOTIC: [8] Undefined index:  c_com E:\PHP\Install\AppServ\www\shiyan4\Home\Runtime\Cache\92e38013410269d8abd4d4154f893d34.php 第 52 行.
NOTIC: [8] Undefined variable: page E:\PHP\Install\AppServ\www\shiyan4\Home\Runtime\Cache\92e38013410269d8abd4d4154f893d34.php 第 57 行.
INFO: ParseTemplate Behavior ::run [ RunTime:0.058837s ]
INFO: [ view_parse ] --END-- [ RunTime:0.059114s ]
INFO: [ view_filter ] --START--
INFO: ContentReplace Behavior ::run [ RunTime:0.002898s ]
INFO: TokenBuild Behavior ::run [ RunTime:0.003265s ]
INFO: WriteHtmlCache Behavior ::run [ RunTime:0.004272s ]
INFO: ShowRuntime Behavior ::run [ RunTime:0.004905s ]
INFO: [ view_filter ] --END-- [ RunTime:0.015938s ]
INFO: [ view_end ] --START--
INFO: ShowPageTrace Behavior ::run [ RunTime:0.003804s ]
INFO: [ view_end ] --END-- [ RunTime:0.004065s ]

[ 2014-12-02T10:33:23+08:00 ] 127.0.0.1 /shiyan4/
INFO: [ app_begin ] --START--
INFO: ReadHtmlCache Behavior ::run [ RunTime:0.005769s ]
INFO: [ app_begin ] --END-- [ RunTime:0.006055s ]
SQL: SELECT w.id, w.name, d.p_name, c.c_name FROM test_worker AS w, test_department AS d, test_com AS c
								WHERE w.com_id = c.id AND w.depart_id = d.id [ RunTime:0.007516s ]
SQL: SHOW COLUMNS FROM `test_method` [ RunTime:0.009596s ]
SQL: SELECT * FROM `test_method`  [ RunTime:0.003814s ]
INFO: [ view_parse ] --START--
NOTIC: [2] file_get_contents(./Home/Tpl/Public/header.html) [<a href='function.file-get-contents'>function.file-get-contents</a>]: failed to open stream: No such file or directory E:\PHP\Install\AppServ\www\shiyan4\ThinkPHP\Lib\Template\ThinkTemplate.class.php 第 695 行.
NOTIC: [2] file_get_contents(./Home/Tpl/Public/announce.html) [<a href='function.file-get-contents'>function.file-get-contents</a>]: failed to open stream: No such file or directory E:\PHP\Install\AppServ\www\shiyan4\ThinkPHP\Lib\Template\ThinkTemplate.class.php 第 695 行.
NOTIC: [2] file_get_contents(./Home/Tpl/Public/footer.html) [<a href='function.file-get-contents'>function.file-get-contents</a>]: failed to open stream: No such file or directory E:\PHP\Install\AppServ\www\shiyan4\ThinkPHP\Lib\Template\ThinkTemplate.class.php 第 695 行.
NOTIC: [8] Undefined variable: keyword E:\PHP\Install\AppServ\www\shiyan4\Home\Runtime\Cache\7e4848229090366086cc7eeb3bfc0798.php 第 47 行.
NOTIC: [8] Undefined index:  c_com E:\PHP\Install\AppServ\www\shiyan4\Home\Runtime\Cache\7e4848229090366086cc7eeb3bfc0798.php 第 52 行.
NOTIC: [8] Undefined index:  c_com E:\PHP\Install\AppServ\www\shiyan4\Home\Runtime\Cache\7e4848229090366086cc7eeb3bfc0798.php 第 52 行.
NOTIC: [8] Undefined index:  c_com E:\PHP\Install\AppServ\www\shiyan4\Home\Runtime\Cache\7e4848229090366086cc7eeb3bfc0798.php 第 52 行.
NOTIC: [8] Undefined index:  c_com E:\PHP\Install\AppServ\www\shiyan4\Home\Runtime\Cache\7e4848229090366086cc7eeb3bfc0798.php 第 52 行.
NOTIC: [8] Undefined variable: page E:\PHP\Install\AppServ\www\shiyan4\Home\Runtime\Cache\7e4848229090366086cc7eeb3bfc0798.php 第 57 行.
INFO: ParseTemplate Behavior ::run [ RunTime:0.063565s ]
INFO: [ view_parse ] --END-- [ RunTime:0.063893s ]
INFO: [ view_filter ] --START--
INFO: ContentReplace Behavior ::run [ RunTime:0.004445s ]
INFO: TokenBuild Behavior ::run [ RunTime:0.003741s ]
INFO: WriteHtmlCache Behavior ::run [ RunTime:0.003374s ]
INFO: ShowRuntime Behavior ::run [ RunTime:0.002509s ]
INFO: [ view_filter ] --END-- [ RunTime:0.014643s ]
INFO: [ view_end ] --START--
INFO: ShowPageTrace Behavior ::run [ RunTime:0.004167s ]
INFO: [ view_end ] --END-- [ RunTime:0.004341s ]

[ 2014-12-02T12:32:15+08:00 ] 127.0.0.1 /shiyan4/
INFO: [ app_begin ] --START--
INFO: ReadHtmlCache Behavior ::run [ RunTime:0.003151s ]
INFO: [ app_begin ] --END-- [ RunTime:0.003404s ]
SQL: SELECT w.id, w.name, d.p_name, c.c_name FROM test_worker AS w, test_department AS d, test_com AS c
								WHERE w.com_id = c.id AND w.depart_id = d.id [ RunTime:0.010808s ]
SQL: SHOW COLUMNS FROM `test_method` [ RunTime:0.008960s ]
SQL: SELECT * FROM `test_method`  [ RunTime:0.003217s ]
INFO: [ view_parse ] --START--
NOTIC: [2] file_get_contents(./Home/Tpl/Public/header.html) [<a href='function.file-get-contents'>function.file-get-contents</a>]: failed to open stream: No such file or directory E:\PHP\Install\AppServ\www\shiyan4\ThinkPHP\Lib\Template\ThinkTemplate.class.php 第 695 行.
NOTIC: [2] file_get_contents(./Home/Tpl/Public/announce.html) [<a href='function.file-get-contents'>function.file-get-contents</a>]: failed to open stream: No such file or directory E:\PHP\Install\AppServ\www\shiyan4\ThinkPHP\Lib\Template\ThinkTemplate.class.php 第 695 行.
NOTIC: [2] file_get_contents(./Home/Tpl/Public/footer.html) [<a href='function.file-get-contents'>function.file-get-contents</a>]: failed to open stream: No such file or directory E:\PHP\Install\AppServ\www\shiyan4\ThinkPHP\Lib\Template\ThinkTemplate.class.php 第 695 行.
NOTIC: [8] Undefined variable: keyword E:\PHP\Install\AppServ\www\shiyan4\Home\Runtime\Cache\7e4848229090366086cc7eeb3bfc0798.php 第 47 行.
NOTIC: [8] Undefined index:  c_com E:\PHP\Install\AppServ\www\shiyan4\Home\Runtime\Cache\7e4848229090366086cc7eeb3bfc0798.php 第 52 行.
NOTIC: [8] Undefined index:  c_com E:\PHP\Install\AppServ\www\shiyan4\Home\Runtime\Cache\7e4848229090366086cc7eeb3bfc0798.php 第 52 行.
NOTIC: [8] Undefined index:  c_com E:\PHP\Install\AppServ\www\shiyan4\Home\Runtime\Cache\7e4848229090366086cc7eeb3bfc0798.php 第 52 行.
NOTIC: [8] Undefined index:  c_com E:\PHP\Install\AppServ\www\shiyan4\Home\Runtime\Cache\7e4848229090366086cc7eeb3bfc0798.php 第 52 行.
NOTIC: [8] Undefined variable: page E:\PHP\Install\AppServ\www\shiyan4\Home\Runtime\Cache\7e4848229090366086cc7eeb3bfc0798.php 第 57 行.
INFO: ParseTemplate Behavior ::run [ RunTime:0.045064s ]
INFO: [ view_parse ] --END-- [ RunTime:0.045314s ]
INFO: [ view_filter ] --START--
INFO: ContentReplace Behavior ::run [ RunTime:0.002568s ]
INFO: TokenBuild Behavior ::run [ RunTime:0.002883s ]
INFO: WriteHtmlCache Behavior ::run [ RunTime:0.003791s ]
INFO: ShowRuntime Behavior ::run [ RunTime:0.002836s ]
INFO: [ view_filter ] --END-- [ RunTime:0.012633s ]
INFO: [ view_end ] --START--
INFO: ShowPageTrace Behavior ::run [ RunTime:0.004730s ]
INFO: [ view_end ] --END-- [ RunTime:0.004926s ]

[ 2014-12-02T12:32:23+08:00 ] 127.0.0.1 /shiyan4/index.php/Search/index.html
INFO: [ route_check ] --START--
INFO: CheckRoute Behavior ::run [ RunTime:0.006904s ]
INFO: [ route_check ] --END-- [ RunTime:0.007209s ]
INFO: [ app_begin ] --START--
INFO: ReadHtmlCache Behavior ::run [ RunTime:0.005239s ]
INFO: [ app_begin ] --END-- [ RunTime:0.005519s ]
SQL: SELECT w.id, w.name, d.p_name, c.c_name FROM test_worker AS w, test_department AS d, test_com AS c
								WHERE w.com_id = c.id AND w.depart_id = d.id AND c.c_name LIKE '%小米%' [ RunTime:0.001064s ]
SQL: SHOW COLUMNS FROM `test_method` [ RunTime:0.008233s ]
SQL: SELECT * FROM `test_method`  [ RunTime:0.009957s ]
INFO: [ view_parse ] --START--
NOTIC: [2] file_get_contents(./Home/Tpl/Public/header.html) [<a href='function.file-get-contents'>function.file-get-contents</a>]: failed to open stream: No such file or directory E:\PHP\Install\AppServ\www\shiyan4\ThinkPHP\Lib\Template\ThinkTemplate.class.php 第 695 行.
NOTIC: [2] file_get_contents(./Home/Tpl/Public/announce.html) [<a href='function.file-get-contents'>function.file-get-contents</a>]: failed to open stream: No such file or directory E:\PHP\Install\AppServ\www\shiyan4\ThinkPHP\Lib\Template\ThinkTemplate.class.php 第 695 行.
NOTIC: [2] file_get_contents(./Home/Tpl/Public/footer.html) [<a href='function.file-get-contents'>function.file-get-contents</a>]: failed to open stream: No such file or directory E:\PHP\Install\AppServ\www\shiyan4\ThinkPHP\Lib\Template\ThinkTemplate.class.php 第 695 行.
NOTIC: [8] Undefined index:  c_com E:\PHP\Install\AppServ\www\shiyan4\Home\Runtime\Cache\92e38013410269d8abd4d4154f893d34.php 第 52 行.
NOTIC: [8] Undefined index:  c_com E:\PHP\Install\AppServ\www\shiyan4\Home\Runtime\Cache\92e38013410269d8abd4d4154f893d34.php 第 52 行.
NOTIC: [8] Undefined variable: page E:\PHP\Install\AppServ\www\shiyan4\Home\Runtime\Cache\92e38013410269d8abd4d4154f893d34.php 第 57 行.
INFO: ParseTemplate Behavior ::run [ RunTime:0.054816s ]
INFO: [ view_parse ] --END-- [ RunTime:0.055074s ]
INFO: [ view_filter ] --START--
INFO: ContentReplace Behavior ::run [ RunTime:0.004059s ]
INFO: TokenBuild Behavior ::run [ RunTime:0.004183s ]
INFO: WriteHtmlCache Behavior ::run [ RunTime:0.003786s ]
INFO: ShowRuntime Behavior ::run [ RunTime:0.002850s ]
INFO: [ view_filter ] --END-- [ RunTime:0.015418s ]
INFO: [ view_end ] --START--
INFO: ShowPageTrace Behavior ::run [ RunTime:0.004658s ]
INFO: [ view_end ] --END-- [ RunTime:0.004851s ]

[ 2014-12-02T16:00:55+08:00 ] 127.0.0.1 /shiyan4/
INFO: [ app_begin ] --START--
INFO: ReadHtmlCache Behavior ::run [ RunTime:0.003615s ]
INFO: [ app_begin ] --END-- [ RunTime:0.003944s ]
SQL: SELECT w.id, w.name, d.p_name, c.c_name FROM test_worker AS w, test_department AS d, test_com AS c
								WHERE w.com_id = c.id AND w.depart_id = d.id [ RunTime:0.008256s ]
SQL: SHOW COLUMNS FROM `test_method` [ RunTime:0.010540s ]
SQL: SELECT * FROM `test_method`  [ RunTime:0.004209s ]
INFO: [ view_parse ] --START--
NOTIC: [2] file_get_contents(./Home/Tpl/Public/header.html) [<a href='function.file-get-contents'>function.file-get-contents</a>]: failed to open stream: No such file or directory E:\PHP\Install\AppServ\www\shiyan4\ThinkPHP\Lib\Template\ThinkTemplate.class.php 第 695 行.
NOTIC: [2] file_get_contents(./Home/Tpl/Public/announce.html) [<a href='function.file-get-contents'>function.file-get-contents</a>]: failed to open stream: No such file or directory E:\PHP\Install\AppServ\www\shiyan4\ThinkPHP\Lib\Template\ThinkTemplate.class.php 第 695 行.
NOTIC: [2] file_get_contents(./Home/Tpl/Public/footer.html) [<a href='function.file-get-contents'>function.file-get-contents</a>]: failed to open stream: No such file or directory E:\PHP\Install\AppServ\www\shiyan4\ThinkPHP\Lib\Template\ThinkTemplate.class.php 第 695 行.
NOTIC: [8] Undefined variable: keyword E:\PHP\Install\AppServ\www\shiyan4\Home\Runtime\Cache\7e4848229090366086cc7eeb3bfc0798.php 第 47 行.
NOTIC: [8] Undefined index:  c_com E:\PHP\Install\AppServ\www\shiyan4\Home\Runtime\Cache\7e4848229090366086cc7eeb3bfc0798.php 第 52 行.
NOTIC: [8] Undefined index:  c_com E:\PHP\Install\AppServ\www\shiyan4\Home\Runtime\Cache\7e4848229090366086cc7eeb3bfc0798.php 第 52 行.
NOTIC: [8] Undefined index:  c_com E:\PHP\Install\AppServ\www\shiyan4\Home\Runtime\Cache\7e4848229090366086cc7eeb3bfc0798.php 第 52 行.
NOTIC: [8] Undefined index:  c_com E:\PHP\Install\AppServ\www\shiyan4\Home\Runtime\Cache\7e4848229090366086cc7eeb3bfc0798.php 第 52 行.
NOTIC: [8] Undefined variable: page E:\PHP\Install\AppServ\www\shiyan4\Home\Runtime\Cache\7e4848229090366086cc7eeb3bfc0798.php 第 57 行.
INFO: ParseTemplate Behavior ::run [ RunTime:0.056649s ]
INFO: [ view_parse ] --END-- [ RunTime:0.056959s ]
INFO: [ view_filter ] --START--
INFO: ContentReplace Behavior ::run [ RunTime:0.004164s ]
INFO: TokenBuild Behavior ::run [ RunTime:0.003049s ]
INFO: WriteHtmlCache Behavior ::run [ RunTime:0.002254s ]
INFO: ShowRuntime Behavior ::run [ RunTime:0.002797s ]
INFO: [ view_filter ] --END-- [ RunTime:0.012926s ]
INFO: [ view_end ] --START--
INFO: ShowPageTrace Behavior ::run [ RunTime:0.003220s ]
INFO: [ view_end ] --END-- [ RunTime:0.003419s ]

[ 2014-12-02T16:28:56+08:00 ] 127.0.0.1 /shiyan4/
INFO: [ app_begin ] --START--
INFO: ReadHtmlCache Behavior ::run [ RunTime:0.003498s ]
INFO: [ app_begin ] --END-- [ RunTime:0.003787s ]
SQL: SELECT w.id, w.name, d.p_name, c.c_name FROM test_worker AS w, test_department AS d, test_com AS c
								WHERE w.com_id = c.id AND w.depart_id = d.id [ RunTime:0.011213s ]
SQL: SHOW COLUMNS FROM `test_method` [ RunTime:0.014226s ]
SQL: SELECT * FROM `test_method`  [ RunTime:0.002897s ]
INFO: [ view_parse ] --START--
NOTIC: [2] file_get_contents(./Home/Tpl/Public/header.html) [<a href='function.file-get-contents'>function.file-get-contents</a>]: failed to open stream: No such file or directory E:\PHP\Install\AppServ\www\shiyan4\ThinkPHP\Lib\Template\ThinkTemplate.class.php 第 695 行.
NOTIC: [2] file_get_contents(./Home/Tpl/Public/announce.html) [<a href='function.file-get-contents'>function.file-get-contents</a>]: failed to open stream: No such file or directory E:\PHP\Install\AppServ\www\shiyan4\ThinkPHP\Lib\Template\ThinkTemplate.class.php 第 695 行.
NOTIC: [2] file_get_contents(./Home/Tpl/Public/footer.html) [<a href='function.file-get-contents'>function.file-get-contents</a>]: failed to open stream: No such file or directory E:\PHP\Install\AppServ\www\shiyan4\ThinkPHP\Lib\Template\ThinkTemplate.class.php 第 695 行.
NOTIC: [8] Undefined variable: keyword E:\PHP\Install\AppServ\www\shiyan4\Home\Runtime\Cache\7e4848229090366086cc7eeb3bfc0798.php 第 47 行.
NOTIC: [8] Undefined index:  c_com E:\PHP\Install\AppServ\www\shiyan4\Home\Runtime\Cache\7e4848229090366086cc7eeb3bfc0798.php 第 52 行.
NOTIC: [8] Undefined index:  c_com E:\PHP\Install\AppServ\www\shiyan4\Home\Runtime\Cache\7e4848229090366086cc7eeb3bfc0798.php 第 52 行.
NOTIC: [8] Undefined index:  c_com E:\PHP\Install\AppServ\www\shiyan4\Home\Runtime\Cache\7e4848229090366086cc7eeb3bfc0798.php 第 52 行.
NOTIC: [8] Undefined index:  c_com E:\PHP\Install\AppServ\www\shiyan4\Home\Runtime\Cache\7e4848229090366086cc7eeb3bfc0798.php 第 52 行.
NOTIC: [8] Undefined variable: page E:\PHP\Install\AppServ\www\shiyan4\Home\Runtime\Cache\7e4848229090366086cc7eeb3bfc0798.php 第 57 行.
INFO: ParseTemplate Behavior ::run [ RunTime:0.093323s ]
INFO: [ view_parse ] --END-- [ RunTime:0.093697s ]
INFO: [ view_filter ] --START--
INFO: ContentReplace Behavior ::run [ RunTime:0.004264s ]
INFO: TokenBuild Behavior ::run [ RunTime:0.004136s ]
INFO: WriteHtmlCache Behavior ::run [ RunTime:0.003620s ]
INFO: ShowRuntime Behavior ::run [ RunTime:0.004466s ]
INFO: [ view_filter ] --END-- [ RunTime:0.017398s ]
INFO: [ view_end ] --START--
INFO: ShowPageTrace Behavior ::run [ RunTime:0.005033s ]
INFO: [ view_end ] --END-- [ RunTime:0.005360s ]

[ 2014-12-02T16:29:14+08:00 ] 127.0.0.1 /shiyan4/index.php/Search/index.html
INFO: [ route_check ] --START--
INFO: CheckRoute Behavior ::run [ RunTime:0.006230s ]
INFO: [ route_check ] --END-- [ RunTime:0.006560s ]
INFO: [ app_begin ] --START--
INFO: ReadHtmlCache Behavior ::run [ RunTime:0.001780s ]
INFO: [ app_begin ] --END-- [ RunTime:0.002007s ]
SQL: SELECT w.id, w.name, d.p_name, c.c_name FROM test_worker AS w, test_department AS d, test_com AS c
								WHERE w.com_id = c.id AND w.depart_id = d.id AND d.p_name LIKE '%小张%' [ RunTime:0.001242s ]
SQL: SHOW COLUMNS FROM `test_method` [ RunTime:0.007605s ]
SQL: SELECT * FROM `test_method`  [ RunTime:0.003187s ]
INFO: [ view_parse ] --START--
NOTIC: [2] file_get_contents(./Home/Tpl/Public/header.html) [<a href='function.file-get-contents'>function.file-get-contents</a>]: failed to open stream: No such file or directory E:\PHP\Install\AppServ\www\shiyan4\ThinkPHP\Lib\Template\ThinkTemplate.class.php 第 695 行.
NOTIC: [2] file_get_contents(./Home/Tpl/Public/announce.html) [<a href='function.file-get-contents'>function.file-get-contents</a>]: failed to open stream: No such file or directory E:\PHP\Install\AppServ\www\shiyan4\ThinkPHP\Lib\Template\ThinkTemplate.class.php 第 695 行.
NOTIC: [2] file_get_contents(./Home/Tpl/Public/footer.html) [<a href='function.file-get-contents'>function.file-get-contents</a>]: failed to open stream: No such file or directory E:\PHP\Install\AppServ\www\shiyan4\ThinkPHP\Lib\Template\ThinkTemplate.class.php 第 695 行.
NOTIC: [8] Undefined variable: page E:\PHP\Install\AppServ\www\shiyan4\Home\Runtime\Cache\92e38013410269d8abd4d4154f893d34.php 第 57 行.
INFO: ParseTemplate Behavior ::run [ RunTime:0.048727s ]
INFO: [ view_parse ] --END-- [ RunTime:0.049053s ]
INFO: [ view_filter ] --START--
INFO: ContentReplace Behavior ::run [ RunTime:0.001170s ]
INFO: TokenBuild Behavior ::run [ RunTime:0.002197s ]
INFO: WriteHtmlCache Behavior ::run [ RunTime:0.001703s ]
INFO: ShowRuntime Behavior ::run [ RunTime:0.001516s ]
INFO: [ view_filter ] --END-- [ RunTime:0.007255s ]
INFO: [ view_end ] --START--
INFO: ShowPageTrace Behavior ::run [ RunTime:0.002043s ]
INFO: [ view_end ] --END-- [ RunTime:0.002310s ]

