[ 2014-12-04T19:30:36+08:00 ] 127.0.0.1 /shiyan4/
INFO: [ app_begin ] --START--
INFO: ReadHtmlCache Behavior ::run [ RunTime:0.005412s ]
INFO: [ app_begin ] --END-- [ RunTime:0.005781s ]
SQL: SELECT w.id, w.name, d.p_name, c.c_name FROM test_worker AS w, test_department AS d, test_com AS c
								WHERE w.com_id = c.id AND w.depart_id = d.id [ RunTime:0.120012s ]
SQL: SHOW COLUMNS FROM `test_method` [ RunTime:0.070442s ]
SQL: SELECT * FROM `test_method`  [ RunTime:0.014615s ]
INFO: [ view_parse ] --START--
NOTIC: [2] file_get_contents(./Home/Tpl/Public/header.html) [<a href='function.file-get-contents'>function.file-get-contents</a>]: failed to open stream: No such file or directory E:\PHP\Install\AppServ\www\shiyan4\ThinkPHP\Lib\Template\ThinkTemplate.class.php 第 695 行.
NOTIC: [2] file_get_contents(./Home/Tpl/Public/announce.html) [<a href='function.file-get-contents'>function.file-get-contents</a>]: failed to open stream: No such file or directory E:\PHP\Install\AppServ\www\shiyan4\ThinkPHP\Lib\Template\ThinkTemplate.class.php 第 695 行.
NOTIC: [2] file_get_contents(./Home/Tpl/Public/footer.html) [<a href='function.file-get-contents'>function.file-get-contents</a>]: failed to open stream: No such file or directory E:\PHP\Install\AppServ\www\shiyan4\ThinkPHP\Lib\Template\ThinkTemplate.class.php 第 695 行.
NOTIC: [8] Undefined variable: keyword E:\PHP\Install\AppServ\www\shiyan4\Home\Runtime\Cache\7e4848229090366086cc7eeb3bfc0798.php 第 47 行.
NOTIC: [8] Undefined index:  c_com E:\PHP\Install\AppServ\www\shiyan4\Home\Runtime\Cache\7e4848229090366086cc7eeb3bfc0798.php 第 52 行.
NOTIC: [8] Undefined index:  c_com E:\PHP\Install\AppServ\www\shiyan4\Home\Runtime\Cache\7e4848229090366086cc7eeb3bfc0798.php 第 52 行.
NOTIC: [8] Undefined index:  c_com E:\PHP\Install\AppServ\www\shiyan4\Home\Runtime\Cache\7e4848229090366086cc7eeb3bfc0798.php 第 52 行.
NOTIC: [8] Undefined index:  c_com E:\PHP\Install\AppServ\www\shiyan4\Home\Runtime\Cache\7e4848229090366086cc7eeb3bfc0798.php 第 52 行.
NOTIC: [8] Undefined variable: page E:\PHP\Install\AppServ\www\shiyan4\Home\Runtime\Cache\7e4848229090366086cc7eeb3bfc0798.php 第 57 行.
INFO: ParseTemplate Behavior ::run [ RunTime:0.285023s ]
INFO: [ view_parse ] --END-- [ RunTime:0.285320s ]
INFO: [ view_filter ] --START--
INFO: ContentReplace Behavior ::run [ RunTime:0.005448s ]
INFO: TokenBuild Behavior ::run [ RunTime:0.017440s ]
INFO: WriteHtmlCache Behavior ::run [ RunTime:0.013085s ]
INFO: ShowRuntime Behavior ::run [ RunTime:0.003836s ]
INFO: [ view_filter ] --END-- [ RunTime:0.040640s ]
INFO: [ view_end ] --START--
INFO: ShowPageTrace Behavior ::run [ RunTime:0.005081s ]
INFO: [ view_end ] --END-- [ RunTime:0.005326s ]

[ 2014-12-04T19:30:50+08:00 ] 127.0.0.1 /shiyan4/index.php/Search/index.html
INFO: [ route_check ] --START--
INFO: CheckRoute Behavior ::run [ RunTime:0.022010s ]
INFO: [ route_check ] --END-- [ RunTime:0.022322s ]
INFO: [ app_begin ] --START--
INFO: ReadHtmlCache Behavior ::run [ RunTime:0.003674s ]
INFO: [ app_begin ] --END-- [ RunTime:0.003917s ]
SQL: SELECT w.id, w.name, d.p_name, c.c_name FROM test_worker AS w, test_department AS d, test_com AS c
								WHERE w.com_id = c.id AND w.depart_id = d.id AND c.c_name LIKE '%小米%' [ RunTime:0.001014s ]
SQL: SHOW COLUMNS FROM `test_method` [ RunTime:0.007467s ]
SQL: SELECT * FROM `test_method`  [ RunTime:0.001880s ]
INFO: [ view_parse ] --START--
NOTIC: [2] file_get_contents(./Home/Tpl/Public/header.html) [<a href='function.file-get-contents'>function.file-get-contents</a>]: failed to open stream: No such file or directory E:\PHP\Install\AppServ\www\shiyan4\ThinkPHP\Lib\Template\ThinkTemplate.class.php 第 695 行.
NOTIC: [2] file_get_contents(./Home/Tpl/Public/announce.html) [<a href='function.file-get-contents'>function.file-get-contents</a>]: failed to open stream: No such file or directory E:\PHP\Install\AppServ\www\shiyan4\ThinkPHP\Lib\Template\ThinkTemplate.class.php 第 695 行.
NOTIC: [2] file_get_contents(./Home/Tpl/Public/footer.html) [<a href='function.file-get-contents'>function.file-get-contents</a>]: failed to open stream: No such file or directory E:\PHP\Install\AppServ\www\shiyan4\ThinkPHP\Lib\Template\ThinkTemplate.class.php 第 695 行.
NOTIC: [8] Undefined index:  c_com E:\PHP\Install\AppServ\www\shiyan4\Home\Runtime\Cache\92e38013410269d8abd4d4154f893d34.php 第 52 行.
NOTIC: [8] Undefined variable: page E:\PHP\Install\AppServ\www\shiyan4\Home\Runtime\Cache\92e38013410269d8abd4d4154f893d34.php 第 57 行.
INFO: ParseTemplate Behavior ::run [ RunTime:0.091359s ]
INFO: [ view_parse ] --END-- [ RunTime:0.091656s ]
INFO: [ view_filter ] --START--
INFO: ContentReplace Behavior ::run [ RunTime:0.002888s ]
INFO: TokenBuild Behavior ::run [ RunTime:0.002925s ]
INFO: WriteHtmlCache Behavior ::run [ RunTime:0.002444s ]
INFO: ShowRuntime Behavior ::run [ RunTime:0.002766s ]
INFO: [ view_filter ] --END-- [ RunTime:0.011598s ]
INFO: [ view_end ] --START--
INFO: ShowPageTrace Behavior ::run [ RunTime:0.003140s ]
INFO: [ view_end ] --END-- [ RunTime:0.003335s ]

[ 2014-12-04T20:07:19+08:00 ] 127.0.0.1 /shiyan4/
INFO: [ app_begin ] --START--
INFO: ReadHtmlCache Behavior ::run [ RunTime:0.003550s ]
INFO: [ app_begin ] --END-- [ RunTime:0.003834s ]
SQL: SELECT w.id, w.name, d.p_name, c.c_name FROM test_worker AS w, test_department AS d, test_com AS c
								WHERE w.com_id = c.id AND w.depart_id = d.id [ RunTime:0.009385s ]
SQL: SHOW COLUMNS FROM `test_method` [ RunTime:0.012807s ]
SQL: SELECT * FROM `test_method`  [ RunTime:0.002780s ]
INFO: [ view_parse ] --START--
NOTIC: [2] file_get_contents(./Home/Tpl/Public/header.html) [<a href='function.file-get-contents'>function.file-get-contents</a>]: failed to open stream: No such file or directory E:\PHP\Install\AppServ\www\shiyan4\ThinkPHP\Lib\Template\ThinkTemplate.class.php 第 695 行.
NOTIC: [2] file_get_contents(./Home/Tpl/Public/announce.html) [<a href='function.file-get-contents'>function.file-get-contents</a>]: failed to open stream: No such file or directory E:\PHP\Install\AppServ\www\shiyan4\ThinkPHP\Lib\Template\ThinkTemplate.class.php 第 695 行.
NOTIC: [2] file_get_contents(./Home/Tpl/Public/footer.html) [<a href='function.file-get-contents'>function.file-get-contents</a>]: failed to open stream: No such file or directory E:\PHP\Install\AppServ\www\shiyan4\ThinkPHP\Lib\Template\ThinkTemplate.class.php 第 695 行.
NOTIC: [8] Undefined variable: keyword E:\PHP\Install\AppServ\www\shiyan4\Home\Runtime\Cache\7e4848229090366086cc7eeb3bfc0798.php 第 47 行.
NOTIC: [8] Undefined index:  c_com E:\PHP\Install\AppServ\www\shiyan4\Home\Runtime\Cache\7e4848229090366086cc7eeb3bfc0798.php 第 52 行.
NOTIC: [8] Undefined index:  c_com E:\PHP\Install\AppServ\www\shiyan4\Home\Runtime\Cache\7e4848229090366086cc7eeb3bfc0798.php 第 52 行.
NOTIC: [8] Undefined index:  c_com E:\PHP\Install\AppServ\www\shiyan4\Home\Runtime\Cache\7e4848229090366086cc7eeb3bfc0798.php 第 52 行.
NOTIC: [8] Undefined index:  c_com E:\PHP\Install\AppServ\www\shiyan4\Home\Runtime\Cache\7e4848229090366086cc7eeb3bfc0798.php 第 52 行.
NOTIC: [8] Undefined variable: page E:\PHP\Install\AppServ\www\shiyan4\Home\Runtime\Cache\7e4848229090366086cc7eeb3bfc0798.php 第 57 行.
INFO: ParseTemplate Behavior ::run [ RunTime:0.072708s ]
INFO: [ view_parse ] --END-- [ RunTime:0.072985s ]
INFO: [ view_filter ] --START--
INFO: ContentReplace Behavior ::run [ RunTime:0.003257s ]
INFO: TokenBuild Behavior ::run [ RunTime:0.002918s ]
INFO: WriteHtmlCache Behavior ::run [ RunTime:0.002592s ]
INFO: ShowRuntime Behavior ::run [ RunTime:0.003214s ]
INFO: [ view_filter ] --END-- [ RunTime:0.012744s ]
INFO: [ view_end ] --START--
INFO: ShowPageTrace Behavior ::run [ RunTime:0.005099s ]
INFO: [ view_end ] --END-- [ RunTime:0.005418s ]

[ 2014-12-04T20:08:59+08:00 ] 127.0.0.1 /shiyan4/
INFO: [ app_begin ] --START--
INFO: ReadHtmlCache Behavior ::run [ RunTime:0.003575s ]
INFO: [ app_begin ] --END-- [ RunTime:0.003856s ]
SQL: SELECT w.id, w.name, d.p_name, c.c_name FROM test_worker AS w, test_department AS d, test_com AS c
								WHERE w.com_id = c.id AND w.depart_id = d.id [ RunTime:0.000989s ]
SQL: SHOW COLUMNS FROM `test_method` [ RunTime:0.013063s ]
SQL: SELECT * FROM `test_method`  [ RunTime:0.000726s ]
INFO: [ view_parse ] --START--
NOTIC: [2] file_get_contents(./Home/Tpl/Public/header.html) [<a href='function.file-get-contents'>function.file-get-contents</a>]: failed to open stream: No such file or directory E:\PHP\Install\AppServ\www\shiyan4\ThinkPHP\Lib\Template\ThinkTemplate.class.php 第 695 行.
NOTIC: [2] file_get_contents(./Home/Tpl/Public/announce.html) [<a href='function.file-get-contents'>function.file-get-contents</a>]: failed to open stream: No such file or directory E:\PHP\Install\AppServ\www\shiyan4\ThinkPHP\Lib\Template\ThinkTemplate.class.php 第 695 行.
NOTIC: [2] file_get_contents(./Home/Tpl/Public/footer.html) [<a href='function.file-get-contents'>function.file-get-contents</a>]: failed to open stream: No such file or directory E:\PHP\Install\AppServ\www\shiyan4\ThinkPHP\Lib\Template\ThinkTemplate.class.php 第 695 行.
NOTIC: [8] Undefined variable: keyword E:\PHP\Install\AppServ\www\shiyan4\Home\Runtime\Cache\7e4848229090366086cc7eeb3bfc0798.php 第 47 行.
NOTIC: [8] Undefined index:  c_com E:\PHP\Install\AppServ\www\shiyan4\Home\Runtime\Cache\7e4848229090366086cc7eeb3bfc0798.php 第 52 行.
NOTIC: [8] Undefined index:  c_com E:\PHP\Install\AppServ\www\shiyan4\Home\Runtime\Cache\7e4848229090366086cc7eeb3bfc0798.php 第 52 行.
NOTIC: [8] Undefined index:  c_com E:\PHP\Install\AppServ\www\shiyan4\Home\Runtime\Cache\7e4848229090366086cc7eeb3bfc0798.php 第 52 行.
NOTIC: [8] Undefined index:  c_com E:\PHP\Install\AppServ\www\shiyan4\Home\Runtime\Cache\7e4848229090366086cc7eeb3bfc0798.php 第 52 行.
NOTIC: [8] Undefined variable: page E:\PHP\Install\AppServ\www\shiyan4\Home\Runtime\Cache\7e4848229090366086cc7eeb3bfc0798.php 第 57 行.
INFO: ParseTemplate Behavior ::run [ RunTime:0.076287s ]
INFO: [ view_parse ] --END-- [ RunTime:0.076559s ]
INFO: [ view_filter ] --START--
INFO: ContentReplace Behavior ::run [ RunTime:0.003104s ]
INFO: TokenBuild Behavior ::run [ RunTime:0.003063s ]
INFO: WriteHtmlCache Behavior ::run [ RunTime:0.002579s ]
INFO: ShowRuntime Behavior ::run [ RunTime:0.003401s ]
INFO: [ view_filter ] --END-- [ RunTime:0.012802s ]
INFO: [ view_end ] --START--
INFO: ShowPageTrace Behavior ::run [ RunTime:0.003825s ]
INFO: [ view_end ] --END-- [ RunTime:0.004160s ]

